<?xml version="1.0" encoding="UTF-8"?>
<testsuite name="MinesweeperTest" tests="1" skipped="0" failures="0" errors="0" timestamp="2020-09-02T17:43:53" hostname="sevenzero" time="5.22">
  <properties/>
  <testcase name="start" classname="MinesweeperTest" time="5.22"/>
  <system-out><![CDATA[?[1;31m
Start test 1?[0m
How many mines do you want on the field? > 1
 │123456789│
—│—————————│
1|.........|
2|.........|
3|.........|
4|.........|
5|.........|
6|.........|
7|.........|
8|.........|
9|.........|
—│—————————│
Set/unset mines marks or claim a cell as free: > 8 4 free
 │123456789│
—│—————————│
1|/////////|
2|/////////|
3|/////////|
4|///111///|
5|///1.1///|
6|///111///|
7|/////////|
8|/////////|
9|/////////|
—│—————————│
Congratulations! You found all mines!
?[1;31m
Start test 2?[0m
How many mines do you want on the field? > 1
 │123456789│
—│—————————│
1|.........|
2|.........|
3|.........|
4|.........|
5|.........|
6|.........|
7|.........|
8|.........|
9|.........|
—│—————————│
Set/unset mines marks or claim a cell as free: > 4 3 free
 │123456789│
—│—————————│
1|/////////|
2|/////////|
3|/////////|
4|/////////|
5|/////////|
6|/////////|
7|/111/////|
8|/1.1/////|
9|/1.1/////|
—│—————————│
Set/unset mines marks or claim a cell as free: > 3 8 mine
 │123456789│
—│—————————│
1|/////////|
2|/////////|
3|/////////|
4|/////////|
5|/////////|
6|/////////|
7|/111/////|
8|/1*1/////|
9|/1.1/////|
—│—————————│
Congratulations! You found all mines!
?[1;31m
Start test 3?[0m
How many mines do you want on the field? > 1
 │123456789│
—│—————————│
1|.........|
2|.........|
3|.........|
4|.........|
5|.........|
6|.........|
7|.........|
8|.........|
9|.........|
—│—————————│
Set/unset mines marks or claim a cell as free: > 6 4 free
 │123456789│
—│—————————│
1|/////////|
2|/////////|
3|/////////|
4|/////////|
5|/////////|
6|///////11|
7|///////1.|
8|///////11|
9|/////////|
—│—————————│
Congratulations! You found all mines!
?[1;31m
Start test 4?[0m
How many mines do you want on the field? > 1
 │123456789│
—│—————————│
1|.........|
2|.........|
3|.........|
4|.........|
5|.........|
6|.........|
7|.........|
8|.........|
9|.........|
—│—————————│
Set/unset mines marks or claim a cell as free: > 1 5 mine
 │123456789│
—│—————————│
1|.........|
2|.........|
3|.........|
4|.........|
5|*........|
6|.........|
7|.........|
8|.........|
9|.........|
—│—————————│
Set/unset mines marks or claim a cell as free: > 1 9 free
 │123456789│
—│—————————│
1|..1//////|
2|111//////|
3|/////////|
4|/////////|
5|/////////|
6|/////////|
7|/////////|
8|/////////|
9|/////////|
—│—————————│
Set/unset mines marks or claim a cell as free: > 2 1 free
 │123456789│
—│—————————│
1|.X1//////|
2|111//////|
3|/////////|
4|/////////|
5|/////////|
6|/////////|
7|/////////|
8|/////////|
9|/////////|
—│—————————│
You stepped on a mine and failed!
?[1;31m
Start test 5?[0m
How many mines do you want on the field? > 1
 │123456789│
—│—————————│
1|.........|
2|.........|
3|.........|
4|.........|
5|.........|
6|.........|
7|.........|
8|.........|
9|.........|
—│—————————│
Set/unset mines marks or claim a cell as free: > 5 1 mine
 │123456789│
—│—————————│
1|....*....|
2|.........|
3|.........|
4|.........|
5|.........|
6|.........|
7|.........|
8|.........|
9|.........|
—│—————————│
Set/unset mines marks or claim a cell as free: > 1 5 free
 │123456789│
—│—————————│
1|/////////|
2|/////////|
3|/////////|
4|/////////|
5|/////////|
6|//////111|
7|//////1..|
8|//////111|
9|/////////|
—│—————————│
Set/unset mines marks or claim a cell as free: > 9 7 free
 │123456789│
—│—————————│
1|/////////|
2|/////////|
3|/////////|
4|/////////|
5|/////////|
6|//////111|
7|//////1.1|
8|//////111|
9|/////////|
—│—————————│
Congratulations! You found all mines!
?[1;31m
Start test 6?[0m
How many mines do you want on the field? > 1
 │123456789│
—│—————————│
1|.........|
2|.........|
3|.........|
4|.........|
5|.........|
6|.........|
7|.........|
8|.........|
9|.........|
—│—————————│
Set/unset mines marks or claim a cell as free: > 1 9 mine
 │123456789│
—│—————————│
1|.........|
2|.........|
3|.........|
4|.........|
5|.........|
6|.........|
7|.........|
8|.........|
9|*........|
—│—————————│
Set/unset mines marks or claim a cell as free: > 1 9 mine
 │123456789│
—│—————————│
1|.........|
2|.........|
3|.........|
4|.........|
5|.........|
6|.........|
7|.........|
8|.........|
9|.........|
—│—————————│
Set/unset mines marks or claim a cell as free: > 6 5 free
 │123456789│
—│—————————│
1|/////////|
2|/////////|
3|/////////|
4|/////////|
5|/////////|
6|/////////|
7|111//////|
8|..1//////|
9|..1//////|
—│—————————│
Set/unset mines marks or claim a cell as free: > 2 8 free
 │123456789│
—│—————————│
1|/////////|
2|/////////|
3|/////////|
4|/////////|
5|/////////|
6|/////////|
7|111//////|
8|.X1//////|
9|..1//////|
—│—————————│
You stepped on a mine and failed!
?[1;31m
Start test 7?[0m
How many mines do you want on the field? > 1
 │123456789│
—│—————————│
1|.........|
2|.........|
3|.........|
4|.........|
5|.........|
6|.........|
7|.........|
8|.........|
9|.........|
—│—————————│
Set/unset mines marks or claim a cell as free: > 6 1 free
 │123456789│
—│—————————│
1|/////////|
2|/////////|
3|/////////|
4|/////////|
5|/////////|
6|/////////|
7|///////11|
8|///////1.|
9|///////1.|
—│—————————│
Set/unset mines marks or claim a cell as free: > 9 8 free
 │123456789│
—│—————————│
1|/////////|
2|/////////|
3|/////////|
4|/////////|
5|/////////|
6|/////////|
7|///////11|
8|///////1X|
9|///////1.|
—│—————————│
You stepped on a mine and failed!
?[1;31m
Start test 8?[0m
How many mines do you want on the field? > 1
 │123456789│
—│—————————│
1|.........|
2|.........|
3|.........|
4|.........|
5|.........|
6|.........|
7|.........|
8|.........|
9|.........|
—│—————————│
Set/unset mines marks or claim a cell as free: > 9 6 free
 │123456789│
—│—————————│
1|/////////|
2|/////////|
3|/////////|
4|///111///|
5|///1.1///|
6|///111///|
7|/////////|
8|/////////|
9|/////////|
—│—————————│
Congratulations! You found all mines!
?[1;31m
Start test 9?[0m
How many mines do you want on the field? > 1
 │123456789│
—│—————————│
1|.........|
2|.........|
3|.........|
4|.........|
5|.........|
6|.........|
7|.........|
8|.........|
9|.........|
—│—————————│
Set/unset mines marks or claim a cell as free: > 1 4 free
 │123456789│
—│—————————│
1|/////////|
2|/////////|
3|/////////|
4|////111//|
5|////1.1//|
6|////111//|
7|/////////|
8|/////////|
9|/////////|
—│—————————│
Congratulations! You found all mines!
?[1;31m
Start test 10?[0m
How many mines do you want on the field? > 1
 │123456789│
—│—————————│
1|.........|
2|.........|
3|.........|
4|.........|
5|.........|
6|.........|
7|.........|
8|.........|
9|.........|
—│—————————│
Set/unset mines marks or claim a cell as free: > 5 7 mine
 │123456789│
—│—————————│
1|.........|
2|.........|
3|.........|
4|.........|
5|.........|
6|.........|
7|....*....|
8|.........|
9|.........|
—│—————————│
Set/unset mines marks or claim a cell as free: > 8 1 free
 │123456789│
—│—————————│
1|/////////|
2|///////11|
3|///////1.|
4|///////11|
5|/////////|
6|/////////|
7|/////////|
8|/////////|
9|/////////|
—│—————————│
Congratulations! You found all mines!
?[1;31m
Start test 11?[0m
How many mines do you want on the field? > 1
 │123456789│
—│—————————│
1|.........|
2|.........|
3|.........|
4|.........|
5|.........|
6|.........|
7|.........|
8|.........|
9|.........|
—│—————————│
Set/unset mines marks or claim a cell as free: > 3 5 free
 │123456789│
—│—————————│
1|.........|
2|.........|
3|.........|
4|.........|
5|..1......|
6|.........|
7|.........|
8|.........|
9|.........|
—│—————————│
Set/unset mines marks or claim a cell as free: > 4 7 mine
 │123456789│
—│—————————│
1|.........|
2|.........|
3|.........|
4|.........|
5|..1......|
6|.........|
7|...*.....|
8|.........|
9|.........|
—│—————————│
Set/unset mines marks or claim a cell as free: > 8 2 mine
 │123456789│
—│—————————│
1|.........|
2|.......*.|
3|.........|
4|.........|
5|..1......|
6|.........|
7|...*.....|
8|.........|
9|.........|
—│—————————│
Set/unset mines marks or claim a cell as free: > 2 1 free
 │123456789│
—│—————————│
1|/////////|
2|/////////|
3|//111////|
4|//1.1////|
5|//111////|
6|/////////|
7|/////////|
8|/////////|
9|/////////|
—│—————————│
Congratulations! You found all mines!
?[1;31m
Start test 12?[0m
How many mines do you want on the field? > 1
 │123456789│
—│—————————│
1|.........|
2|.........|
3|.........|
4|.........|
5|.........|
6|.........|
7|.........|
8|.........|
9|.........|
—│—————————│
Set/unset mines marks or claim a cell as free: > 2 3 free
 │123456789│
—│—————————│
1|/////////|
2|/////////|
3|/////////|
4|/////////|
5|/////111/|
6|/////1.1/|
7|/////111/|
8|/////////|
9|/////////|
—│—————————│
Congratulations! You found all mines!
?[1;31m
Start test 13?[0m
How many mines do you want on the field? > 1
 │123456789│
—│—————————│
1|.........|
2|.........|
3|.........|
4|.........|
5|.........|
6|.........|
7|.........|
8|.........|
9|.........|
—│—————————│
Set/unset mines marks or claim a cell as free: > 3 7 free
 │123456789│
—│—————————│
1|/////////|
2|/////////|
3|/////////|
4|/////////|
5|/////////|
6|/////////|
7|///111///|
8|///1.1///|
9|///1.1///|
—│—————————│
Set/unset mines marks or claim a cell as free: > 5 9 free
 │123456789│
—│—————————│
1|/////////|
2|/////////|
3|/////////|
4|/////////|
5|/////////|
6|/////////|
7|///111///|
8|///1.1///|
9|///111///|
—│—————————│
Congratulations! You found all mines!
?[1;31m
Start test 14?[0m
How many mines do you want on the field? > 1
 │123456789│
—│—————————│
1|.........|
2|.........|
3|.........|
4|.........|
5|.........|
6|.........|
7|.........|
8|.........|
9|.........|
—│—————————│
Set/unset mines marks or claim a cell as free: > 2 4 free
 │123456789│
—│—————————│
1|/////////|
2|/////////|
3|/////////|
4|///////11|
5|///////1.|
6|///////11|
7|/////////|
8|/////////|
9|/////////|
—│—————————│
Congratulations! You found all mines!
?[1;31m
Start test 15?[0m
How many mines do you want on the field? > 1
 │123456789│
—│—————————│
1|.........|
2|.........|
3|.........|
4|.........|
5|.........|
6|.........|
7|.........|
8|.........|
9|.........|
—│—————————│
Set/unset mines marks or claim a cell as free: > 4 3 mine
 │123456789│
—│—————————│
1|.........|
2|.........|
3|...*.....|
4|.........|
5|.........|
6|.........|
7|.........|
8|.........|
9|.........|
—│—————————│
Set/unset mines marks or claim a cell as free: > 4 3 mine
 │123456789│
—│—————————│
1|.........|
2|.........|
3|.........|
4|.........|
5|.........|
6|.........|
7|.........|
8|.........|
9|.........|
—│—————————│
Set/unset mines marks or claim a cell as free: > 9 9 free
 │123456789│
—│—————————│
1|/////////|
2|/////////|
3|/////////|
4|11///////|
5|.1///////|
6|11///////|
7|/////////|
8|/////////|
9|/////////|
—│—————————│
Congratulations! You found all mines!
?[1;31m
Start test 16?[0m
How many mines do you want on the field? > 1
 │123456789│
—│—————————│
1|.........|
2|.........|
3|.........|
4|.........|
5|.........|
6|.........|
7|.........|
8|.........|
9|.........|
—│—————————│
Set/unset mines marks or claim a cell as free: > 8 1 free
 │123456789│
—│—————————│
1|/////////|
2|/////////|
3|/////////|
4|/////////|
5|/////////|
6|/////////|
7|/////////|
8|///111///|
9|///1.1///|
—│—————————│
Congratulations! You found all mines!
?[1;31m
Start test 17?[0m
How many mines do you want on the field? > 1
 │123456789│
—│—————————│
1|.........|
2|.........|
3|.........|
4|.........|
5|.........|
6|.........|
7|.........|
8|.........|
9|.........|
—│—————————│
Set/unset mines marks or claim a cell as free: > 1 2 free
 │123456789│
—│—————————│
1|.........|
2|1........|
3|.........|
4|.........|
5|.........|
6|.........|
7|.........|
8|.........|
9|.........|
—│—————————│
Set/unset mines marks or claim a cell as free: > 1 8 free
 │123456789│
—│—————————│
1|/////////|
2|111//////|
3|..1//////|
4|111//////|
5|/////////|
6|/////////|
7|/////////|
8|/////////|
9|/////////|
—│—————————│
Set/unset mines marks or claim a cell as free: > 2 3 mine
 │123456789│
—│—————————│
1|/////////|
2|111//////|
3|.*1//////|
4|111//////|
5|/////////|
6|/////////|
7|/////////|
8|/////////|
9|/////////|
—│—————————│
Congratulations! You found all mines!
?[1;31m
Start test 18?[0m
How many mines do you want on the field? > 1
 │123456789│
—│—————————│
1|.........|
2|.........|
3|.........|
4|.........|
5|.........|
6|.........|
7|.........|
8|.........|
9|.........|
—│—————————│
Set/unset mines marks or claim a cell as free: > 5 9 mine
 │123456789│
—│—————————│
1|.........|
2|.........|
3|.........|
4|.........|
5|.........|
6|.........|
7|.........|
8|.........|
9|....*....|
—│—————————│
Set/unset mines marks or claim a cell as free: > 9 6 free
 │123456789│
—│—————————│
1|/////////|
2|/////////|
3|/////////|
4|/////////|
5|/////////|
6|/////////|
7|/////111/|
8|/////1.1/|
9|/////1.1/|
—│—————————│
Set/unset mines marks or claim a cell as free: > 7 9 free
 │123456789│
—│—————————│
1|/////////|
2|/////////|
3|/////////|
4|/////////|
5|/////////|
6|/////////|
7|/////111/|
8|/////1.1/|
9|/////111/|
—│—————————│
Congratulations! You found all mines!
?[1;31m
Start test 19?[0m
How many mines do you want on the field? > 1
 │123456789│
—│—————————│
1|.........|
2|.........|
3|.........|
4|.........|
5|.........|
6|.........|
7|.........|
8|.........|
9|.........|
—│—————————│
Set/unset mines marks or claim a cell as free: > 6 4 mine
 │123456789│
—│—————————│
1|.........|
2|.........|
3|.........|
4|.....*...|
5|.........|
6|.........|
7|.........|
8|.........|
9|.........|
—│—————————│
Set/unset mines marks or claim a cell as free: > 5 4 free
 │123456789│
—│—————————│
1|.........|
2|.........|
3|.........|
4|....X*...|
5|.........|
6|.........|
7|.........|
8|.........|
9|.........|
—│—————————│
You stepped on a mine and failed!
?[1;31m
Start test 20?[0m
How many mines do you want on the field? > 1
 │123456789│
—│—————————│
1|.........|
2|.........|
3|.........|
4|.........|
5|.........|
6|.........|
7|.........|
8|.........|
9|.........|
—│—————————│
Set/unset mines marks or claim a cell as free: > 1 3 free
 │123456789│
—│—————————│
1|.........|
2|.........|
3|1........|
4|.........|
5|.........|
6|.........|
7|.........|
8|.........|
9|.........|
—│—————————│
Set/unset mines marks or claim a cell as free: > 7 6 mine
 │123456789│
—│—————————│
1|.........|
2|.........|
3|1........|
4|.........|
5|.........|
6|......*..|
7|.........|
8|.........|
9|.........|
—│—————————│
Set/unset mines marks or claim a cell as free: > 2 8 mine
 │123456789│
—│—————————│
1|.........|
2|.........|
3|1........|
4|.........|
5|.........|
6|......*..|
7|.........|
8|.*.......|
9|.........|
—│—————————│
Set/unset mines marks or claim a cell as free: > 3 5 free
 │123456789│
—│—————————│
1|..1//////|
2|..1//////|
3|111//////|
4|/////////|
5|/////////|
6|/////////|
7|/////////|
8|/////////|
9|/////////|
—│—————————│
Set/unset mines marks or claim a cell as free: > 1 2 free
 │123456789│
—│—————————│
1|..1//////|
2|1.1//////|
3|111//////|
4|/////////|
5|/////////|
6|/////////|
7|/////////|
8|/////////|
9|/////////|
—│—————————│
Set/unset mines marks or claim a cell as free: > 1 1 free
 │123456789│
—│—————————│
1|1.1//////|
2|1.1//////|
3|111//////|
4|/////////|
5|/////////|
6|/////////|
7|/////////|
8|/////////|
9|/////////|
—│—————————│
Set/unset mines marks or claim a cell as free: > 2 2 free
 │123456789│
—│—————————│
1|1.1//////|
2|1X1//////|
3|111//////|
4|/////////|
5|/////////|
6|/////////|
7|/////////|
8|/////////|
9|/////////|
—│—————————│
You stepped on a mine and failed!
?[1;31m
Start test 21?[0m
How many mines do you want on the field? > 2
 │123456789│
—│—————————│
1|.........|
2|.........|
3|.........|
4|.........|
5|.........|
6|.........|
7|.........|
8|.........|
9|.........|
—│—————————│
Set/unset mines marks or claim a cell as free: > 2 7 mine
 │123456789│
—│—————————│
1|.........|
2|.........|
3|.........|
4|.........|
5|.........|
6|.........|
7|.*.......|
8|.........|
9|.........|
—│—————————│
Set/unset mines marks or claim a cell as free: > 2 7 mine
 │123456789│
—│—————————│
1|.........|
2|.........|
3|.........|
4|.........|
5|.........|
6|.........|
7|.........|
8|.........|
9|.........|
—│—————————│
Set/unset mines marks or claim a cell as free: > 8 6 free
 │123456789│
—│—————————│
1|/////////|
2|//111////|
3|//1.1//11|
4|//111//1.|
5|///////11|
6|/////////|
7|/////////|
8|/////////|
9|/////////|
—│—————————│
Congratulations! You found all mines!
?[1;31m
Start test 22?[0m
How many mines do you want on the field? > 2
 │123456789│
—│—————————│
1|.........|
2|.........|
3|.........|
4|.........|
5|.........|
6|.........|
7|.........|
8|.........|
9|.........|
—│—————————│
Set/unset mines marks or claim a cell as free: > 7 6 free
 │123456789│
—│—————————│
1|.........|
2|.........|
3|.........|
4|.........|
5|.........|
6|......1..|
7|.........|
8|.........|
9|.........|
—│—————————│
Set/unset mines marks or claim a cell as free: > 3 3 mine
 │123456789│
—│—————————│
1|.........|
2|.........|
3|..*......|
4|.........|
5|.........|
6|......1..|
7|.........|
8|.........|
9|.........|
—│—————————│
Set/unset mines marks or claim a cell as free: > 3 3 mine
 │123456789│
—│—————————│
1|.........|
2|.........|
3|.........|
4|.........|
5|.........|
6|......1..|
7|.........|
8|.........|
9|.........|
—│—————————│
Set/unset mines marks or claim a cell as free: > 8 7 mine
 │123456789│
—│—————————│
1|.........|
2|.........|
3|.........|
4|.........|
5|.........|
6|......1..|
7|.......*.|
8|.........|
9|.........|
—│—————————│
Set/unset mines marks or claim a cell as free: > 4 9 free
 │123456789│
—│—————————│
1|/////////|
2|/////////|
3|/////////|
4|/////////|
5|/////////|
6|/////111/|
7|/////1.21|
8|/////12..|
9|//////1..|
—│—————————│
Set/unset mines marks or claim a cell as free: > 8 8 free
 │123456789│
—│—————————│
1|/////////|
2|/////////|
3|/////////|
4|/////////|
5|/////////|
6|/////111/|
7|/////1X21|
8|/////12X.|
9|//////1..|
—│—————————│
You stepped on a mine and failed!
?[1;31m
Start test 23?[0m
How many mines do you want on the field? > 2
 │123456789│
—│—————————│
1|.........|
2|.........|
3|.........|
4|.........|
5|.........|
6|.........|
7|.........|
8|.........|
9|.........|
—│—————————│
Set/unset mines marks or claim a cell as free: > 6 3 free
 │123456789│
—│—————————│
1|////1....|
2|////1111.|
3|///////1.|
4|///////11|
5|/////////|
6|/////////|
7|/////////|
8|/////////|
9|/////////|
—│—————————│
Set/unset mines marks or claim a cell as free: > 6 1 mine
 │123456789│
—│—————————│
1|////1*...|
2|////1111.|
3|///////1.|
4|///////11|
5|/////////|
6|/////////|
7|/////////|
8|/////////|
9|/////////|
—│—————————│
Set/unset mines marks or claim a cell as free: > 6 1 mine
 │123456789│
—│—————————│
1|////1....|
2|////1111.|
3|///////1.|
4|///////11|
5|/////////|
6|/////////|
7|/////////|
8|/////////|
9|/////////|
—│—————————│
Set/unset mines marks or claim a cell as free: > 9 1 free
 │123456789│
—│—————————│
1|////1.1//|
2|////11111|
3|///////1.|
4|///////11|
5|/////////|
6|/////////|
7|/////////|
8|/////////|
9|/////////|
—│—————————│
Congratulations! You found all mines!
?[1;31m
Start test 24?[0m
How many mines do you want on the field? > 2
 │123456789│
—│—————————│
1|.........|
2|.........|
3|.........|
4|.........|
5|.........|
6|.........|
7|.........|
8|.........|
9|.........|
—│—————————│
Set/unset mines marks or claim a cell as free: > 1 1 free
 │123456789│
—│—————————│
1|1........|
2|.........|
3|.........|
4|.........|
5|.........|
6|.........|
7|.........|
8|.........|
9|.........|
—│—————————│
Set/unset mines marks or claim a cell as free: > 4 1 free
 │123456789│
—│—————————│
1|1.1//////|
2|..1//////|
3|..2//////|
4|..1//////|
5|111//////|
6|/////////|
7|/////////|
8|/////////|
9|/////////|
—│—————————│
Set/unset mines marks or claim a cell as free: > 2 2 mine
 │123456789│
—│—————————│
1|1.1//////|
2|.*1//////|
3|..2//////|
4|..1//////|
5|111//////|
6|/////////|
7|/////////|
8|/////////|
9|/////////|
—│—————————│
Set/unset mines marks or claim a cell as free: > 2 2 mine
 │123456789│
—│—————————│
1|1.1//////|
2|..1//////|
3|..2//////|
4|..1//////|
5|111//////|
6|/////////|
7|/////////|
8|/////////|
9|/////////|
—│—————————│
Set/unset mines marks or claim a cell as free: > 2 4 mine
 │123456789│
—│—————————│
1|1.1//////|
2|..1//////|
3|..2//////|
4|.*1//////|
5|111//////|
6|/////////|
7|/////////|
8|/////////|
9|/////////|
—│—————————│
Set/unset mines marks or claim a cell as free: > 1 2 mine
 │123456789│
—│—————————│
1|1.1//////|
2|*.1//////|
3|..2//////|
4|.*1//////|
5|111//////|
6|/////////|
7|/////////|
8|/////////|
9|/////////|
—│—————————│
Set/unset mines marks or claim a cell as free: > 1 2 mine
 │123456789│
—│—————————│
1|1.1//////|
2|..1//////|
3|..2//////|
4|.*1//////|
5|111//////|
6|/////////|
7|/////////|
8|/////////|
9|/////////|
—│—————————│
Set/unset mines marks or claim a cell as free: > 2 4 mine
 │123456789│
—│—————————│
1|1.1//////|
2|..1//////|
3|..2//////|
4|..1//////|
5|111//////|
6|/////////|
7|/////////|
8|/////////|
9|/////////|
—│—————————│
Set/unset mines marks or claim a cell as free: > 2 4 free
 │123456789│
—│—————————│
1|1.1//////|
2|.X1//////|
3|..2//////|
4|.X1//////|
5|111//////|
6|/////////|
7|/////////|
8|/////////|
9|/////////|
—│—————————│
You stepped on a mine and failed!
?[1;31m
Start test 25?[0m
How many mines do you want on the field? > 2
 │123456789│
—│—————————│
1|.........|
2|.........|
3|.........|
4|.........|
5|.........|
6|.........|
7|.........|
8|.........|
9|.........|
—│—————————│
Set/unset mines marks or claim a cell as free: > 3 1 free
 │123456789│
—│—————————│
1|/////////|
2|/////////|
3|/////////|
4|/////////|
5|/////////|
6|///111///|
7|///1.1///|
8|///111111|
9|//////1..|
—│—————————│
Set/unset mines marks or claim a cell as free: > 8 9 free
 │123456789│
—│—————————│
1|/////////|
2|/////////|
3|/////////|
4|/////////|
5|/////////|
6|///111///|
7|///1X1///|
8|///111111|
9|//////1X.|
—│—————————│
You stepped on a mine and failed!
?[1;31m
Start test 26?[0m
How many mines do you want on the field? > 2
 │123456789│
—│—————————│
1|.........|
2|.........|
3|.........|
4|.........|
5|.........|
6|.........|
7|.........|
8|.........|
9|.........|
—│—————————│
Set/unset mines marks or claim a cell as free: > 4 3 free
 │123456789│
—│—————————│
1|/////////|
2|/////////|
3|//////111|
4|//////1..|
5|//////111|
6|/////////|
7|/////////|
8|////111//|
9|////1.1//|
—│—————————│
Set/unset mines marks or claim a cell as free: > 8 4 free
 │123456789│
—│—————————│
1|/////////|
2|/////////|
3|//////111|
4|//////1X.|
5|//////111|
6|/////////|
7|/////////|
8|////111//|
9|////1X1//|
—│—————————│
You stepped on a mine and failed!
?[1;31m
Start test 27?[0m
How many mines do you want on the field? > 2
 │123456789│
—│—————————│
1|.........|
2|.........|
3|.........|
4|.........|
5|.........|
6|.........|
7|.........|
8|.........|
9|.........|
—│—————————│
Set/unset mines marks or claim a cell as free: > 3 9 free
 │123456789│
—│—————————│
1|////1.1//|
2|////111//|
3|/////////|
4|/////////|
5|/////////|
6|/////////|
7|///111///|
8|///1.1///|
9|///1.1///|
—│—————————│
Set/unset mines marks or claim a cell as free: > 5 9 free
 │123456789│
—│—————————│
1|////1.1//|
2|////111//|
3|/////////|
4|/////////|
5|/////////|
6|/////////|
7|///111///|
8|///1.1///|
9|///111///|
—│—————————│
Congratulations! You found all mines!
?[1;31m
Start test 28?[0m
How many mines do you want on the field? > 2
 │123456789│
—│—————————│
1|.........|
2|.........|
3|.........|
4|.........|
5|.........|
6|.........|
7|.........|
8|.........|
9|.........|
—│—————————│
Set/unset mines marks or claim a cell as free: > 6 3 free
 │123456789│
—│—————————│
1|//1.1////|
2|//1.1////|
3|//111////|
4|///////11|
5|///////1.|
6|///////11|
7|/////////|
8|/////////|
9|/////////|
—│—————————│
Set/unset mines marks or claim a cell as free: > 4 1 mine
 │123456789│
—│—————————│
1|//1*1////|
2|//1.1////|
3|//111////|
4|///////11|
5|///////1.|
6|///////11|
7|/////////|
8|/////////|
9|/////////|
—│—————————│
Set/unset mines marks or claim a cell as free: > 4 2 free
 │123456789│
—│—————————│
1|//1*1////|
2|//1X1////|
3|//111////|
4|///////11|
5|///////1X|
6|///////11|
7|/////////|
8|/////////|
9|/////////|
—│—————————│
You stepped on a mine and failed!
?[1;31m
Start test 29?[0m
How many mines do you want on the field? > 2
 │123456789│
—│—————————│
1|.........|
2|.........|
3|.........|
4|.........|
5|.........|
6|.........|
7|.........|
8|.........|
9|.........|
—│—————————│
Set/unset mines marks or claim a cell as free: > 6 4 free
 │123456789│
—│—————————│
1|/////////|
2|/////////|
3|/////////|
4|/////////|
5|/////////|
6|///////11|
7|//111//1.|
8|//1.1//11|
9|//1.1////|
—│—————————│
Set/unset mines marks or claim a cell as free: > 4 9 mine
 │123456789│
—│—————————│
1|/////////|
2|/////////|
3|/////////|
4|/////////|
5|/////////|
6|///////11|
7|//111//1.|
8|//1.1//11|
9|//1*1////|
—│—————————│
Set/unset mines marks or claim a cell as free: > 9 7 free
 │123456789│
—│—————————│
1|/////////|
2|/////////|
3|/////////|
4|/////////|
5|/////////|
6|///////11|
7|//111//1X|
8|//1X1//11|
9|//1*1////|
—│—————————│
You stepped on a mine and failed!
?[1;31m
Start test 30?[0m
How many mines do you want on the field? > 2
 │123456789│
—│—————————│
1|.........|
2|.........|
3|.........|
4|.........|
5|.........|
6|.........|
7|.........|
8|.........|
9|.........|
—│—————————│
Set/unset mines marks or claim a cell as free: > 4 5 mine
 │123456789│
—│—————————│
1|.........|
2|.........|
3|.........|
4|.........|
5|...*.....|
6|.........|
7|.........|
8|.........|
9|.........|
—│—————————│
Set/unset mines marks or claim a cell as free: > 8 4 mine
 │123456789│
—│—————————│
1|.........|
2|.........|
3|.........|
4|.......*.|
5|...*.....|
6|.........|
7|.........|
8|.........|
9|.........|
—│—————————│
Set/unset mines marks or claim a cell as free: > 9 9 free
 │123456789│
—│—————————│
1|.........|
2|.........|
3|.........|
4|.......*.|
5|...*.....|
6|.........|
7|.........|
8|.........|
9|........1|
—│—————————│
Set/unset mines marks or claim a cell as free: > 5 1 free
 │123456789│
—│—————————│
1|/////////|
2|/////////|
3|/////////|
4|////111//|
5|////1.1//|
6|////111//|
7|//////111|
8|//////1..|
9|//////1.1|
—│—————————│
Set/unset mines marks or claim a cell as free: > 8 9 free
 │123456789│
—│—————————│
1|/////////|
2|/////////|
3|/////////|
4|////111//|
5|////1.1//|
6|////111//|
7|//////111|
8|//////1..|
9|//////111|
—│—————————│
Set/unset mines marks or claim a cell as free: > 6 5 free
 │123456789│
—│—————————│
1|/////////|
2|/////////|
3|/////////|
4|////111//|
5|////1X1//|
6|////111//|
7|//////111|
8|//////1X.|
9|//////111|
—│—————————│
You stepped on a mine and failed!
?[1;31m
Start test 31?[0m
How many mines do you want on the field? > 2
 │123456789│
—│—————————│
1|.........|
2|.........|
3|.........|
4|.........|
5|.........|
6|.........|
7|.........|
8|.........|
9|.........|
—│—————————│
Set/unset mines marks or claim a cell as free: > 8 1 free
 │123456789│
—│—————————│
1|/////////|
2|/////////|
3|///////11|
4|///////1.|
5|///////11|
6|///111///|
7|///1.1///|
8|///111///|
9|/////////|
—│—————————│
Congratulations! You found all mines!
?[1;31m
Start test 32?[0m
How many mines do you want on the field? > 2
 │123456789│
—│—————————│
1|.........|
2|.........|
3|.........|
4|.........|
5|.........|
6|.........|
7|.........|
8|.........|
9|.........|
—│—————————│
Set/unset mines marks or claim a cell as free: > 5 2 free
 │123456789│
—│—————————│
1|/////////|
2|/////////|
3|/////////|
4|/////////|
5|/////////|
6|/////////|
7|/111/////|
8|/1.1/111/|
9|/1.1/1.1/|
—│—————————│
Set/unset mines marks or claim a cell as free: > 7 9 free
 │123456789│
—│—————————│
1|/////////|
2|/////////|
3|/////////|
4|/////////|
5|/////////|
6|/////////|
7|/111/////|
8|/1X1/111/|
9|/1.1/1X1/|
—│—————————│
You stepped on a mine and failed!
?[1;31m
Start test 33?[0m
How many mines do you want on the field? > 2
 │123456789│
—│—————————│
1|.........|
2|.........|
3|.........|
4|.........|
5|.........|
6|.........|
7|.........|
8|.........|
9|.........|
—│—————————│
Set/unset mines marks or claim a cell as free: > 3 4 free
 │123456789│
—│—————————│
1|///////1.|
2|///////11|
3|/////////|
4|/////////|
5|/////////|
6|/////////|
7|//111////|
8|//1.1////|
9|//1.1////|
—│—————————│
Set/unset mines marks or claim a cell as free: > 4 8 free
 │123456789│
—│—————————│
1|///////1X|
2|///////11|
3|/////////|
4|/////////|
5|/////////|
6|/////////|
7|//111////|
8|//1X1////|
9|//1.1////|
—│—————————│
You stepped on a mine and failed!
?[1;31m
Start test 34?[0m
How many mines do you want on the field? > 2
 │123456789│
—│—————————│
1|.........|
2|.........|
3|.........|
4|.........|
5|.........|
6|.........|
7|.........|
8|.........|
9|.........|
—│—————————│
Set/unset mines marks or claim a cell as free: > 8 5 mine
 │123456789│
—│—————————│
1|.........|
2|.........|
3|.........|
4|.........|
5|.......*.|
6|.........|
7|.........|
8|.........|
9|.........|
—│—————————│
Set/unset mines marks or claim a cell as free: > 3 6 free
 │123456789│
—│—————————│
1|.........|
2|.........|
3|.........|
4|.........|
5|.......*.|
6|..X......|
7|.........|
8|..X......|
9|.........|
—│—————————│
You stepped on a mine and failed!
?[1;31m
Start test 35?[0m
How many mines do you want on the field? > 2
 │123456789│
—│—————————│
1|.........|
2|.........|
3|.........|
4|.........|
5|.........|
6|.........|
7|.........|
8|.........|
9|.........|
—│—————————│
Set/unset mines marks or claim a cell as free: > 8 5 mine
 │123456789│
—│—————————│
1|.........|
2|.........|
3|.........|
4|.........|
5|.......*.|
6|.........|
7|.........|
8|.........|
9|.........|
—│—————————│
Set/unset mines marks or claim a cell as free: > 2 7 mine
 │123456789│
—│—————————│
1|.........|
2|.........|
3|.........|
4|.........|
5|.......*.|
6|.........|
7|.*.......|
8|.........|
9|.........|
—│—————————│
Set/unset mines marks or claim a cell as free: > 6 1 free
 │123456789│
—│—————————│
1|..1//////|
2|111//////|
3|/////////|
4|/////////|
5|/////////|
6|11///////|
7|.1///////|
8|11///////|
9|/////////|
—│—————————│
Set/unset mines marks or claim a cell as free: > 1 7 free
 │123456789│
—│—————————│
1|.X1//////|
2|111//////|
3|/////////|
4|/////////|
5|/////////|
6|11///////|
7|X1///////|
8|11///////|
9|/////////|
—│—————————│
You stepped on a mine and failed!
?[1;31m
Start test 36?[0m
How many mines do you want on the field? > 2
 │123456789│
—│—————————│
1|.........|
2|.........|
3|.........|
4|.........|
5|.........|
6|.........|
7|.........|
8|.........|
9|.........|
—│—————————│
Set/unset mines marks or claim a cell as free: > 3 1 free
 │123456789│
—│—————————│
1|/////////|
2|/////////|
3|/////////|
4|/////////|
5|//111////|
6|//1.1////|
7|//1221///|
8|///1.1///|
9|///1.1///|
—│—————————│
Set/unset mines marks or claim a cell as free: > 5 9 mine
 │123456789│
—│—————————│
1|/////////|
2|/////////|
3|/////////|
4|/////////|
5|//111////|
6|//1.1////|
7|//1221///|
8|///1.1///|
9|///1*1///|
—│—————————│
Set/unset mines marks or claim a cell as free: > 5 9 mine
 │123456789│
—│—————————│
1|/////////|
2|/////////|
3|/////////|
4|/////////|
5|//111////|
6|//1.1////|
7|//1221///|
8|///1.1///|
9|///1.1///|
—│—————————│
Set/unset mines marks or claim a cell as free: > 5 8 free
 │123456789│
—│—————————│
1|/////////|
2|/////////|
3|/////////|
4|/////////|
5|//111////|
6|//1X1////|
7|//1221///|
8|///1X1///|
9|///1.1///|
—│—————————│
You stepped on a mine and failed!
?[1;31m
Start test 37?[0m
How many mines do you want on the field? > 2
 │123456789│
—│—————————│
1|.........|
2|.........|
3|.........|
4|.........|
5|.........|
6|.........|
7|.........|
8|.........|
9|.........|
—│—————————│
Set/unset mines marks or claim a cell as free: > 5 3 mine
 │123456789│
—│—————————│
1|.........|
2|.........|
3|....*....|
4|.........|
5|.........|
6|.........|
7|.........|
8|.........|
9|.........|
—│—————————│
Set/unset mines marks or claim a cell as free: > 1 8 free
 │123456789│
—│—————————│
1|////1.1//|
2|////1.1//|
3|////1221/|
4|/////1.1/|
5|/////111/|
6|/////////|
7|/////////|
8|/////////|
9|/////////|
—│—————————│
Set/unset mines marks or claim a cell as free: > 7 4 mine
 │123456789│
—│—————————│
1|////1.1//|
2|////1.1//|
3|////1221/|
4|/////1*1/|
5|/////111/|
6|/////////|
7|/////////|
8|/////////|
9|/////////|
—│—————————│
Set/unset mines marks or claim a cell as free: > 6 2 free
 │123456789│
—│—————————│
1|////1.1//|
2|////1X1//|
3|////1221/|
4|/////1X1/|
5|/////111/|
6|/////////|
7|/////////|
8|/////////|
9|/////////|
—│—————————│
You stepped on a mine and failed!
?[1;31m
Start test 38?[0m
How many mines do you want on the field? > 2
 │123456789│
—│—————————│
1|.........|
2|.........|
3|.........|
4|.........|
5|.........|
6|.........|
7|.........|
8|.........|
9|.........|
—│—————————│
Set/unset mines marks or claim a cell as free: > 9 6 mine
 │123456789│
—│—————————│
1|.........|
2|.........|
3|.........|
4|.........|
5|.........|
6|........*|
7|.........|
8|.........|
9|.........|
—│—————————│
Set/unset mines marks or claim a cell as free: > 3 9 free
 │123456789│
—│—————————│
1|/////////|
2|/////////|
3|111//111/|
4|..1//1.1/|
5|111//111/|
6|/////////|
7|/////////|
8|/////////|
9|/////////|
—│—————————│
Set/unset mines marks or claim a cell as free: > 7 4 free
 │123456789│
—│—————————│
1|/////////|
2|/////////|
3|111//111/|
4|.X1//1X1/|
5|111//111/|
6|/////////|
7|/////////|
8|/////////|
9|/////////|
—│—————————│
You stepped on a mine and failed!
?[1;31m
Start test 39?[0m
How many mines do you want on the field? > 2
 │123456789│
—│—————————│
1|.........|
2|.........|
3|.........|
4|.........|
5|.........|
6|.........|
7|.........|
8|.........|
9|.........|
—│—————————│
Set/unset mines marks or claim a cell as free: > 3 7 free
 │123456789│
—│—————————│
1|.........|
2|.........|
3|.........|
4|.........|
5|.........|
6|.........|
7|..1......|
8|.........|
9|.........|
—│—————————│
Set/unset mines marks or claim a cell as free: > 4 5 free
 │123456789│
—│—————————│
1|/////////|
2|/////////|
3|/////111/|
4|/////1.1/|
5|/////111/|
6|/////////|
7|//111////|
8|//1.1////|
9|//1.1////|
—│—————————│
Set/unset mines marks or claim a cell as free: > 7 4 mine
 │123456789│
—│—————————│
1|/////////|
2|/////////|
3|/////111/|
4|/////1*1/|
5|/////111/|
6|/////////|
7|//111////|
8|//1.1////|
9|//1.1////|
—│—————————│
Set/unset mines marks or claim a cell as free: > 4 9 mine
 │123456789│
—│—————————│
1|/////////|
2|/////////|
3|/////111/|
4|/////1*1/|
5|/////111/|
6|/////////|
7|//111////|
8|//1.1////|
9|//1*1////|
—│—————————│
Set/unset mines marks or claim a cell as free: > 7 4 mine
 │123456789│
—│—————————│
1|/////////|
2|/////////|
3|/////111/|
4|/////1.1/|
5|/////111/|
6|/////////|
7|//111////|
8|//1.1////|
9|//1*1////|
—│—————————│
Set/unset mines marks or claim a cell as free: > 7 4 free
 │123456789│
—│—————————│
1|/////////|
2|/////////|
3|/////111/|
4|/////1X1/|
5|/////111/|
6|/////////|
7|//111////|
8|//1X1////|
9|//1*1////|
—│—————————│
You stepped on a mine and failed!
?[1;31m
Start test 40?[0m
How many mines do you want on the field? > 2
 │123456789│
—│—————————│
1|.........|
2|.........|
3|.........|
4|.........|
5|.........|
6|.........|
7|.........|
8|.........|
9|.........|
—│—————————│
Set/unset mines marks or claim a cell as free: > 2 4 free
 │123456789│
—│—————————│
1|/////////|
2|/////////|
3|/////////|
4|/////////|
5|/////////|
6|////111//|
7|////1.1//|
8|111/111//|
9|..1//////|
—│—————————│
Set/unset mines marks or claim a cell as free: > 1 9 free
 │123456789│
—│—————————│
1|/////////|
2|/////////|
3|/////////|
4|/////////|
5|/////////|
6|////111//|
7|////1.1//|
8|111/111//|
9|1.1//////|
—│—————————│
Congratulations! You found all mines!
?[1;31m
Start test 41?[0m
How many mines do you want on the field? > 3
 │123456789│
—│—————————│
1|.........|
2|.........|
3|.........|
4|.........|
5|.........|
6|.........|
7|.........|
8|.........|
9|.........|
—│—————————│
Set/unset mines marks or claim a cell as free: > 3 9 free
 │123456789│
—│—————————│
1|.........|
2|.........|
3|.........|
4|.........|
5|.........|
6|.........|
7|.........|
8|.........|
9|..1......|
—│—————————│
Set/unset mines marks or claim a cell as free: > 4 4 free
 │123456789│
—│—————————│
1|.1///////|
2|.1///////|
3|11///////|
4|/////////|
5|/////////|
6|/////////|
7|/////////|
8|111//111/|
9|..1//1.1/|
—│—————————│
Set/unset mines marks or claim a cell as free: > 1 1 free
 │123456789│
—│—————————│
1|11///////|
2|.1///////|
3|11///////|
4|/////////|
5|/////////|
6|/////////|
7|/////////|
8|111//111/|
9|..1//1.1/|
—│—————————│
Set/unset mines marks or claim a cell as free: > 2 9 free
 │123456789│
—│—————————│
1|11///////|
2|X1///////|
3|11///////|
4|/////////|
5|/////////|
6|/////////|
7|/////////|
8|111//111/|
9|.X1//1X1/|
—│—————————│
You stepped on a mine and failed!
?[1;31m
Start test 42?[0m
How many mines do you want on the field? > 3
 │123456789│
—│—————————│
1|.........|
2|.........|
3|.........|
4|.........|
5|.........|
6|.........|
7|.........|
8|.........|
9|.........|
—│—————————│
Set/unset mines marks or claim a cell as free: > 2 6 mine
 │123456789│
—│—————————│
1|.........|
2|.........|
3|.........|
4|.........|
5|.........|
6|.*.......|
7|.........|
8|.........|
9|.........|
—│—————————│
Set/unset mines marks or claim a cell as free: > 8 9 mine
 │123456789│
—│—————————│
1|.........|
2|.........|
3|.........|
4|.........|
5|.........|
6|.*.......|
7|.........|
8|.........|
9|.......*.|
—│—————————│
Set/unset mines marks or claim a cell as free: > 9 6 free
 │123456789│
—│—————————│
1|/////1.1/|
2|/////111/|
3|/////////|
4|/////////|
5|11///////|
6|.1///////|
7|.211/////|
8|...1/////|
9|...1/////|
—│—————————│
Set/unset mines marks or claim a cell as free: > 2 8 mine
 │123456789│
—│—————————│
1|/////1.1/|
2|/////111/|
3|/////////|
4|/////////|
5|11///////|
6|.1///////|
7|.211/////|
8|.*.1/////|
9|...1/////|
—│—————————│
Set/unset mines marks or claim a cell as free: > 7 1 free
 │123456789│
—│—————————│
1|/////1X1/|
2|/////111/|
3|/////////|
4|/////////|
5|11///////|
6|X1///////|
7|.211/////|
8|.*X1/////|
9|...1/////|
—│—————————│
You stepped on a mine and failed!
?[1;31m
Start test 43?[0m
How many mines do you want on the field? > 3
 │123456789│
—│—————————│
1|.........|
2|.........|
3|.........|
4|.........|
5|.........|
6|.........|
7|.........|
8|.........|
9|.........|
—│—————————│
Set/unset mines marks or claim a cell as free: > 5 2 free
 │123456789│
—│—————————│
1|/////////|
2|/////////|
3|111/111//|
4|..1/1.1//|
5|111/11211|
6|//////1..|
7|//////111|
8|/////////|
9|/////////|
—│—————————│
Set/unset mines marks or claim a cell as free: > 6 4 free
 │123456789│
—│—————————│
1|/////////|
2|/////////|
3|111/111//|
4|.X1/1X1//|
5|111/11211|
6|//////1X.|
7|//////111|
8|/////////|
9|/////////|
—│—————————│
You stepped on a mine and failed!
?[1;31m
Start test 44?[0m
How many mines do you want on the field? > 3
 │123456789│
—│—————————│
1|.........|
2|.........|
3|.........|
4|.........|
5|.........|
6|.........|
7|.........|
8|.........|
9|.........|
—│—————————│
Set/unset mines marks or claim a cell as free: > 2 4 free
 │123456789│
—│—————————│
1|.........|
2|.........|
3|.........|
4|.1.......|
5|.........|
6|.........|
7|.........|
8|.........|
9|.........|
—│—————————│
Set/unset mines marks or claim a cell as free: > 5 9 free
 │123456789│
—│—————————│
1|.........|
2|.........|
3|.........|
4|.1.......|
5|.........|
6|.........|
7|.........|
8|.........|
9|....1....|
—│—————————│
Set/unset mines marks or claim a cell as free: > 5 5 free
 │123456789│
—│—————————│
1|/////////|
2|11///////|
3|.1///////|
4|11///////|
5|/////////|
6|/////111/|
7|//1111.1/|
8|//1.1111/|
9|//1.1////|
—│—————————│
Set/unset mines marks or claim a cell as free: > 7 7 free
 │123456789│
—│—————————│
1|/////////|
2|11///////|
3|X1///////|
4|11///////|
5|/////////|
6|/////111/|
7|//1111X1/|
8|//1X1111/|
9|//1.1////|
—│—————————│
You stepped on a mine and failed!
?[1;31m
Start test 45?[0m
How many mines do you want on the field? > 3
 │123456789│
—│—————————│
1|.........|
2|.........|
3|.........|
4|.........|
5|.........|
6|.........|
7|.........|
8|.........|
9|.........|
—│—————————│
Set/unset mines marks or claim a cell as free: > 1 5 free
 │123456789│
—│—————————│
1|//1.1////|
2|//111////|
3|///111///|
4|///1.1///|
5|///111///|
6|//111////|
7|//1.1////|
8|//111////|
9|/////////|
—│—————————│
Congratulations! You found all mines!
?[1;31m
Start test 46?[0m
How many mines do you want on the field? > 3
 │123456789│
—│—————————│
1|.........|
2|.........|
3|.........|
4|.........|
5|.........|
6|.........|
7|.........|
8|.........|
9|.........|
—│—————————│
Set/unset mines marks or claim a cell as free: > 9 5 free
 │123456789│
—│—————————│
1|/1.1/////|
2|/111/////|
3|/////////|
4|/////////|
5|/111/////|
6|/1.21////|
7|/12.1////|
8|//111////|
9|/////////|
—│—————————│
Congratulations! You found all mines!
?[1;31m
Start test 47?[0m
How many mines do you want on the field? > 3
 │123456789│
—│—————————│
1|.........|
2|.........|
3|.........|
4|.........|
5|.........|
6|.........|
7|.........|
8|.........|
9|.........|
—│—————————│
Set/unset mines marks or claim a cell as free: > 2 6 mine
 │123456789│
—│—————————│
1|.........|
2|.........|
3|.........|
4|.........|
5|.........|
6|.*.......|
7|.........|
8|.........|
9|.........|
—│—————————│
Set/unset mines marks or claim a cell as free: > 6 8 mine
 │123456789│
—│—————————│
1|.........|
2|.........|
3|.........|
4|.........|
5|.........|
6|.*.......|
7|.........|
8|.....*...|
9|.........|
—│—————————│
Set/unset mines marks or claim a cell as free: > 6 8 mine
 │123456789│
—│—————————│
1|.........|
2|.........|
3|.........|
4|.........|
5|.........|
6|.*.......|
7|.........|
8|.........|
9|.........|
—│—————————│
Set/unset mines marks or claim a cell as free: > 6 6 free
 │123456789│
—│—————————│
1|/////////|
2|/////////|
3|111//////|
4|..1//////|
5|111//////|
6|/////////|
7|/111//111|
8|/1.1//1..|
9|/1.1//1..|
—│—————————│
Set/unset mines marks or claim a cell as free: > 9 8 mine
 │123456789│
—│—————————│
1|/////////|
2|/////////|
3|111//////|
4|..1//////|
5|111//////|
6|/////////|
7|/111//111|
8|/1.1//1.*|
9|/1.1//1..|
—│—————————│
Set/unset mines marks or claim a cell as free: > 2 4 free
 │123456789│
—│—————————│
1|/////////|
2|/////////|
3|111//////|
4|.X1//////|
5|111//////|
6|/////////|
7|/111//111|
8|/1X1//1X*|
9|/1.1//1..|
—│—————————│
You stepped on a mine and failed!
?[1;31m
Start test 48?[0m
How many mines do you want on the field? > 3
 │123456789│
—│—————————│
1|.........|
2|.........|
3|.........|
4|.........|
5|.........|
6|.........|
7|.........|
8|.........|
9|.........|
—│—————————│
Set/unset mines marks or claim a cell as free: > 8 8 free
 │123456789│
—│—————————│
1|/////////|
2|/////////|
3|//////111|
4|//////1..|
5|//////12.|
6|111////1.|
7|..1////11|
8|111//////|
9|/////////|
—│—————————│
Set/unset mines marks or claim a cell as free: > 9 4 mine
 │123456789│
—│—————————│
1|/////////|
2|/////////|
3|//////111|
4|//////1.*|
5|//////12.|
6|111////1.|
7|..1////11|
8|111//////|
9|/////////|
—│—————————│
Set/unset mines marks or claim a cell as free: > 9 4 mine
 │123456789│
—│—————————│
1|/////////|
2|/////////|
3|//////111|
4|//////1..|
5|//////12.|
6|111////1.|
7|..1////11|
8|111//////|
9|/////////|
—│—————————│
Set/unset mines marks or claim a cell as free: > 9 5 free
 │123456789│
—│—————————│
1|/////////|
2|/////////|
3|//////111|
4|//////1..|
5|//////122|
6|111////1.|
7|..1////11|
8|111//////|
9|/////////|
—│—————————│
Set/unset mines marks or claim a cell as free: > 2 7 free
 │123456789│
—│—————————│
1|/////////|
2|/////////|
3|//////111|
4|//////1X.|
5|//////122|
6|111////1X|
7|.X1////11|
8|111//////|
9|/////////|
—│—————————│
You stepped on a mine and failed!
?[1;31m
Start test 49?[0m
How many mines do you want on the field? > 3
 │123456789│
—│—————————│
1|.........|
2|.........|
3|.........|
4|.........|
5|.........|
6|.........|
7|.........|
8|.........|
9|.........|
—│—————————│
Set/unset mines marks or claim a cell as free: > 2 5 mine
 │123456789│
—│—————————│
1|.........|
2|.........|
3|.........|
4|.........|
5|.*.......|
6|.........|
7|.........|
8|.........|
9|.........|
—│—————————│
Set/unset mines marks or claim a cell as free: > 1 6 free
 │123456789│
—│—————————│
1|.........|
2|.........|
3|.........|
4|.........|
5|.*.......|
6|1........|
7|.........|
8|.........|
9|.........|
—│—————————│
Set/unset mines marks or claim a cell as free: > 8 2 free
 │123456789│
—│—————————│
1|.........|
2|.......1.|
3|.........|
4|.........|
5|.*.......|
6|1........|
7|.........|
8|.........|
9|.........|
—│—————————│
Set/unset mines marks or claim a cell as free: > 4 5 mine
 │123456789│
—│—————————│
1|.........|
2|.......1.|
3|.........|
4|.........|
5|.*.*.....|
6|1........|
7|.........|
8|.........|
9|.........|
—│—————————│
Set/unset mines marks or claim a cell as free: > 4 5 mine
 │123456789│
—│—————————│
1|.........|
2|.......1.|
3|.........|
4|.........|
5|.*.......|
6|1........|
7|.........|
8|.........|
9|.........|
—│—————————│
Set/unset mines marks or claim a cell as free: > 7 1 free
 │123456789│
—│—————————│
1|......X..|
2|.......1.|
3|.........|
4|.........|
5|.X.X.....|
6|1........|
7|.........|
8|.........|
9|.........|
—│—————————│
You stepped on a mine and failed!
?[1;31m
Start test 50?[0m
How many mines do you want on the field? > 3
 │123456789│
—│—————————│
1|.........|
2|.........|
3|.........|
4|.........|
5|.........|
6|.........|
7|.........|
8|.........|
9|.........|
—│—————————│
Set/unset mines marks or claim a cell as free: > 3 9 free
 │123456789│
—│—————————│
1|/////////|
2|/////////|
3|/111/////|
4|/1.1/////|
5|/111/////|
6|111//111/|
7|..1//1.1/|
8|111//111/|
9|/////////|
—│—————————│
Set/unset mines marks or claim a cell as free: > 3 4 mine
 │123456789│
—│—————————│
1|/////////|
2|/////////|
3|/111/////|
4|/1*1/////|
5|/111/////|
6|111//111/|
7|..1//1.1/|
8|111//111/|
9|/////////|
—│—————————│
Set/unset mines marks or claim a cell as free: > 3 4 mine
 │123456789│
—│—————————│
1|/////////|
2|/////////|
3|/111/////|
4|/1.1/////|
5|/111/////|
6|111//111/|
7|..1//1.1/|
8|111//111/|
9|/////////|
—│—————————│
Set/unset mines marks or claim a cell as free: > 3 4 free
 │123456789│
—│—————————│
1|/////////|
2|/////////|
3|/111/////|
4|/1X1/////|
5|/111/////|
6|111//111/|
7|.X1//1X1/|
8|111//111/|
9|/////////|
—│—————————│
You stepped on a mine and failed!
?[1;31m
Start test 51?[0m
How many mines do you want on the field? > 3
 │123456789│
—│—————————│
1|.........|
2|.........|
3|.........|
4|.........|
5|.........|
6|.........|
7|.........|
8|.........|
9|.........|
—│—————————│
Set/unset mines marks or claim a cell as free: > 4 9 free
 │123456789│
—│—————————│
1|.........|
2|.........|
3|X........|
4|.........|
5|.........|
6|.........|
7|.........|
8|.........|
9|...X....X|
—│—————————│
You stepped on a mine and failed!
?[1;31m
Start test 52?[0m
How many mines do you want on the field? > 3
 │123456789│
—│—————————│
1|.........|
2|.........|
3|.........|
4|.........|
5|.........|
6|.........|
7|.........|
8|.........|
9|.........|
—│—————————│
Set/unset mines marks or claim a cell as free: > 8 7 free
 │123456789│
—│—————————│
1|..1////1.|
2|111////11|
3|/////////|
4|111//////|
5|..1//////|
6|111//////|
7|/////////|
8|/////////|
9|/////////|
—│—————————│
Set/unset mines marks or claim a cell as free: > 9 1 free
 │123456789│
—│—————————│
1|.X1////1X|
2|111////11|
3|/////////|
4|111//////|
5|.X1//////|
6|111//////|
7|/////////|
8|/////////|
9|/////////|
—│—————————│
You stepped on a mine and failed!
?[1;31m
Start test 53?[0m
How many mines do you want on the field? > 3
 │123456789│
—│—————————│
1|.........|
2|.........|
3|.........|
4|.........|
5|.........|
6|.........|
7|.........|
8|.........|
9|.........|
—│—————————│
Set/unset mines marks or claim a cell as free: > 9 1 free
 │123456789│
—│—————————│
1|/////////|
2|/111/////|
3|/1.21////|
4|/12.1////|
5|//111////|
6|/////////|
7|/////////|
8|//111////|
9|//1.1////|
—│—————————│
Congratulations! You found all mines!
?[1;31m
Start test 54?[0m
How many mines do you want on the field? > 3
 │123456789│
—│—————————│
1|.........|
2|.........|
3|.........|
4|.........|
5|.........|
6|.........|
7|.........|
8|.........|
9|.........|
—│—————————│
Set/unset mines marks or claim a cell as free: > 9 1 free
 │123456789│
—│—————————│
1|/////////|
2|///////11|
3|///////1.|
4|///////11|
5|////111//|
6|////1.1//|
7|////111//|
8|/////111/|
9|/////1.1/|
—│—————————│
Congratulations! You found all mines!
?[1;31m
Start test 55?[0m
How many mines do you want on the field? > 3
 │123456789│
—│—————————│
1|.........|
2|.........|
3|.........|
4|.........|
5|.........|
6|.........|
7|.........|
8|.........|
9|.........|
—│—————————│
Set/unset mines marks or claim a cell as free: > 8 2 mine
 │123456789│
—│—————————│
1|.........|
2|.......*.|
3|.........|
4|.........|
5|.........|
6|.........|
7|.........|
8|.........|
9|.........|
—│—————————│
Set/unset mines marks or claim a cell as free: > 3 9 free
 │123456789│
—│—————————│
1|.........|
2|.......*.|
3|.........|
4|.........|
5|.........|
6|.........|
7|.........|
8|.........|
9|..1......|
—│—————————│
Set/unset mines marks or claim a cell as free: > 4 2 free
 │123456789│
—│—————————│
1|////1.1//|
2|////111//|
3|/////////|
4|/////////|
5|/////////|
6|/////////|
7|//////111|
8|111///1..|
9|..1///1..|
—│—————————│
Set/unset mines marks or claim a cell as free: > 8 8 free
 │123456789│
—│—————————│
1|////1X1//|
2|////111//|
3|/////////|
4|/////////|
5|/////////|
6|/////////|
7|//////111|
8|111///1X.|
9|.X1///1..|
—│—————————│
You stepped on a mine and failed!
?[1;31m
Start test 56?[0m
How many mines do you want on the field? > 3
 │123456789│
—│—————————│
1|.........|
2|.........|
3|.........|
4|.........|
5|.........|
6|.........|
7|.........|
8|.........|
9|.........|
—│—————————│
Set/unset mines marks or claim a cell as free: > 9 4 mine
 │123456789│
—│—————————│
1|.........|
2|.........|
3|.........|
4|........*|
5|.........|
6|.........|
7|.........|
8|.........|
9|.........|
—│—————————│
Set/unset mines marks or claim a cell as free: > 7 8 mine
 │123456789│
—│—————————│
1|.........|
2|.........|
3|.........|
4|........*|
5|.........|
6|.........|
7|.........|
8|......*..|
9|.........|
—│—————————│
Set/unset mines marks or claim a cell as free: > 6 7 mine
 │123456789│
—│—————————│
1|.........|
2|.........|
3|.........|
4|........*|
5|.........|
6|.........|
7|.....*...|
8|......*..|
9|.........|
—│—————————│
Set/unset mines marks or claim a cell as free: > 7 3 free
 │123456789│
—│—————————│
1|/////////|
2|/////////|
3|/////////|
4|11///////|
5|.1///////|
6|.2////111|
7|.1////1..|
8|11////111|
9|/////////|
—│—————————│
Set/unset mines marks or claim a cell as free: > 1 5 free
 │123456789│
—│—————————│
1|/////////|
2|/////////|
3|/////////|
4|11///////|
5|X1///////|
6|.2////111|
7|X1////1X.|
8|11////111|
9|/////////|
—│—————————│
You stepped on a mine and failed!
?[1;31m
Start test 57?[0m
How many mines do you want on the field? > 3
 │123456789│
—│—————————│
1|.........|
2|.........|
3|.........|
4|.........|
5|.........|
6|.........|
7|.........|
8|.........|
9|.........|
—│—————————│
Set/unset mines marks or claim a cell as free: > 8 4 mine
 │123456789│
—│—————————│
1|.........|
2|.........|
3|.........|
4|.......*.|
5|.........|
6|.........|
7|.........|
8|.........|
9|.........|
—│—————————│
Set/unset mines marks or claim a cell as free: > 4 7 free
 │123456789│
—│—————————│
1|/1.1/////|
2|/1.1/////|
3|/111/111/|
4|/////1.1/|
5|/////111/|
6|/////////|
7|111//////|
8|..1//////|
9|..1//////|
—│—————————│
Set/unset mines marks or claim a cell as free: > 1 8 free
 │123456789│
—│—————————│
1|/1.1/////|
2|/1.1/////|
3|/111/111/|
4|/////1.1/|
5|/////111/|
6|/////////|
7|111//////|
8|1.1//////|
9|..1//////|
—│—————————│
Set/unset mines marks or claim a cell as free: > 1 9 free
 │123456789│
—│—————————│
1|/1.1/////|
2|/1.1/////|
3|/111/111/|
4|/////1.1/|
5|/////111/|
6|/////////|
7|111//////|
8|1.1//////|
9|1.1//////|
—│—————————│
Set/unset mines marks or claim a cell as free: > 2 9 mine
 │123456789│
—│—————————│
1|/1.1/////|
2|/1.1/////|
3|/111/111/|
4|/////1.1/|
5|/////111/|
6|/////////|
7|111//////|
8|1.1//////|
9|1*1//////|
—│—————————│
Set/unset mines marks or claim a cell as free: > 3 2 mine
 │123456789│
—│—————————│
1|/1.1/////|
2|/1*1/////|
3|/111/111/|
4|/////1.1/|
5|/////111/|
6|/////////|
7|111//////|
8|1.1//////|
9|1*1//////|
—│—————————│
Set/unset mines marks or claim a cell as free: > 2 8 mine
 │123456789│
—│—————————│
1|/1.1/////|
2|/1*1/////|
3|/111/111/|
4|/////1.1/|
5|/////111/|
6|/////////|
7|111//////|
8|1*1//////|
9|1*1//////|
—│—————————│
Set/unset mines marks or claim a cell as free: > 3 1 free
 │123456789│
—│—————————│
1|/111/////|
2|/1*1/////|
3|/111/111/|
4|/////1.1/|
5|/////111/|
6|/////////|
7|111//////|
8|1*1//////|
9|1*1//////|
—│—————————│
Set/unset mines marks or claim a cell as free: > 7 4 free
 │123456789│
—│—————————│
1|/111/////|
2|/1X1/////|
3|/111/111/|
4|/////1X1/|
5|/////111/|
6|/////////|
7|111//////|
8|1X1//////|
9|1*1//////|
—│—————————│
You stepped on a mine and failed!
?[1;31m
Start test 58?[0m
How many mines do you want on the field? > 3
 │123456789│
—│—————————│
1|.........|
2|.........|
3|.........|
4|.........|
5|.........|
6|.........|
7|.........|
8|.........|
9|.........|
—│—————————│
Set/unset mines marks or claim a cell as free: > 9 9 free
 │123456789│
—│—————————│
1|////1.1//|
2|11//111//|
3|.1///////|
4|11///////|
5|/////////|
6|/////////|
7|11///////|
8|.1///////|
9|.1///////|
—│—————————│
Set/unset mines marks or claim a cell as free: > 6 1 mine
 │123456789│
—│—————————│
1|////1*1//|
2|11//111//|
3|.1///////|
4|11///////|
5|/////////|
6|/////////|
7|11///////|
8|.1///////|
9|.1///////|
—│—————————│
Set/unset mines marks or claim a cell as free: > 1 8 mine
 │123456789│
—│—————————│
1|////1*1//|
2|11//111//|
3|.1///////|
4|11///////|
5|/////////|
6|/////////|
7|11///////|
8|*1///////|
9|.1///////|
—│—————————│
Set/unset mines marks or claim a cell as free: > 1 3 free
 │123456789│
—│—————————│
1|////1X1//|
2|11//111//|
3|X1///////|
4|11///////|
5|/////////|
6|/////////|
7|11///////|
8|X1///////|
9|.1///////|
—│—————————│
You stepped on a mine and failed!
?[1;31m
Start test 59?[0m
How many mines do you want on the field? > 3
 │123456789│
—│—————————│
1|.........|
2|.........|
3|.........|
4|.........|
5|.........|
6|.........|
7|.........|
8|.........|
9|.........|
—│—————————│
Set/unset mines marks or claim a cell as free: > 9 5 free
 │123456789│
—│—————————│
1|..1/1..1/|
2|111/1..1/|
3|////1221/|
4|/////////|
5|/////////|
6|/////////|
7|/////////|
8|/////////|
9|/////////|
—│—————————│
Set/unset mines marks or claim a cell as free: > 1 1 free
 │123456789│
—│—————————│
1|1.1/1..1/|
2|111/1..1/|
3|////1221/|
4|/////////|
5|/////////|
6|/////////|
7|/////////|
8|/////////|
9|/////////|
—│—————————│
Set/unset mines marks or claim a cell as free: > 6 2 free
 │123456789│
—│—————————│
1|1X1/1..1/|
2|111/1XX1/|
3|////1221/|
4|/////////|
5|/////////|
6|/////////|
7|/////////|
8|/////////|
9|/////////|
—│—————————│
You stepped on a mine and failed!
?[1;31m
Start test 60?[0m
How many mines do you want on the field? > 3
 │123456789│
—│—————————│
1|.........|
2|.........|
3|.........|
4|.........|
5|.........|
6|.........|
7|.........|
8|.........|
9|.........|
—│—————————│
Set/unset mines marks or claim a cell as free: > 1 3 mine
 │123456789│
—│—————————│
1|.........|
2|.........|
3|*........|
4|.........|
5|.........|
6|.........|
7|.........|
8|.........|
9|.........|
—│—————————│
Set/unset mines marks or claim a cell as free: > 1 1 mine
 │123456789│
—│—————————│
1|*........|
2|.........|
3|*........|
4|.........|
5|.........|
6|.........|
7|.........|
8|.........|
9|.........|
—│—————————│
Set/unset mines marks or claim a cell as free: > 5 5 mine
 │123456789│
—│—————————│
1|*........|
2|.........|
3|*........|
4|.........|
5|....*....|
6|.........|
7|.........|
8|.........|
9|.........|
—│—————————│
Set/unset mines marks or claim a cell as free: > 5 1 free
 │123456789│
—│—————————│
1|*.1//////|
2|..1//////|
3|*21//////|
4|.1///////|
5|11///////|
6|/111/////|
7|/1.1/////|
8|/111/////|
9|/////////|
—│—————————│
Set/unset mines marks or claim a cell as free: > 1 3 mine
 │123456789│
—│—————————│
1|*.1//////|
2|..1//////|
3|.21//////|
4|.1///////|
5|11///////|
6|/111/////|
7|/1.1/////|
8|/111/////|
9|/////////|
—│—————————│
Set/unset mines marks or claim a cell as free: > 1 1 mine
 │123456789│
—│—————————│
1|..1//////|
2|..1//////|
3|.21//////|
4|.1///////|
5|11///////|
6|/111/////|
7|/1.1/////|
8|/111/////|
9|/////////|
—│—————————│
Set/unset mines marks or claim a cell as free: > 2 1 mine
 │123456789│
—│—————————│
1|.*1//////|
2|..1//////|
3|.21//////|
4|.1///////|
5|11///////|
6|/111/////|
7|/1.1/////|
8|/111/////|
9|/////////|
—│—————————│
Set/unset mines marks or claim a cell as free: > 1 1 free
 │123456789│
—│—————————│
1|1*1//////|
2|..1//////|
3|.21//////|
4|.1///////|
5|11///////|
6|/111/////|
7|/1.1/////|
8|/111/////|
9|/////////|
—│—————————│
Set/unset mines marks or claim a cell as free: > 2 1 mine
 │123456789│
—│—————————│
1|1.1//////|
2|..1//////|
3|.21//////|
4|.1///////|
5|11///////|
6|/111/////|
7|/1.1/////|
8|/111/////|
9|/////////|
—│—————————│
Set/unset mines marks or claim a cell as free: > 1 4 free
 │123456789│
—│—————————│
1|1.1//////|
2|.X1//////|
3|.21//////|
4|X1///////|
5|11///////|
6|/111/////|
7|/1X1/////|
8|/111/////|
9|/////////|
—│—————————│
You stepped on a mine and failed!
?[1;31m
Start test 61?[0m
How many mines do you want on the field? > 4
 │123456789│
—│—————————│
1|.........|
2|.........|
3|.........|
4|.........|
5|.........|
6|.........|
7|.........|
8|.........|
9|.........|
—│—————————│
Set/unset mines marks or claim a cell as free: > 1 4 mine
 │123456789│
—│—————————│
1|.........|
2|.........|
3|.........|
4|*........|
5|.........|
6|.........|
7|.........|
8|.........|
9|.........|
—│—————————│
Set/unset mines marks or claim a cell as free: > 1 4 mine
 │123456789│
—│—————————│
1|.........|
2|.........|
3|.........|
4|.........|
5|.........|
6|.........|
7|.........|
8|.........|
9|.........|
—│—————————│
Set/unset mines marks or claim a cell as free: > 1 8 free
 │123456789│
—│—————————│
1|.........|
2|.........|
3|.........|
4|.........|
5|.........|
6|.........|
7|.........|
8|1........|
9|.........|
—│—————————│
Set/unset mines marks or claim a cell as free: > 6 5 mine
 │123456789│
—│—————————│
1|.........|
2|.........|
3|.........|
4|.........|
5|.....*...|
6|.........|
7|.........|
8|1........|
9|.........|
—│—————————│
Set/unset mines marks or claim a cell as free: > 7 3 free
 │123456789│
—│—————————│
1|/////////|
2|/////////|
3|/111/////|
4|/1.1/////|
5|/111/////|
6|111//////|
7|..1//111/|
8|111//1.21|
9|/////1...|
—│—————————│
Set/unset mines marks or claim a cell as free: > 7 9 mine
 │123456789│
—│—————————│
1|/////////|
2|/////////|
3|/111/////|
4|/1.1/////|
5|/111/////|
6|111//////|
7|..1//111/|
8|111//1.21|
9|/////1*..|
—│—————————│
Set/unset mines marks or claim a cell as free: > 8 9 free
 │123456789│
—│—————————│
1|/////////|
2|/////////|
3|/111/////|
4|/1X1/////|
5|/111/////|
6|111//////|
7|.X1//111/|
8|111//1X21|
9|/////1*X.|
—│—————————│
You stepped on a mine and failed!
?[1;31m
Start test 62?[0m
How many mines do you want on the field? > 4
 │123456789│
—│—————————│
1|.........|
2|.........|
3|.........|
4|.........|
5|.........|
6|.........|
7|.........|
8|.........|
9|.........|
—│—————————│
Set/unset mines marks or claim a cell as free: > 8 3 mine
 │123456789│
—│—————————│
1|.........|
2|.........|
3|.......*.|
4|.........|
5|.........|
6|.........|
7|.........|
8|.........|
9|.........|
—│—————————│
Set/unset mines marks or claim a cell as free: > 3 1 free
 │123456789│
—│—————————│
1|/////////|
2|/////////|
3|11////111|
4|.1////1..|
5|11////111|
6|////111//|
7|////1.1//|
8|111/111//|
9|..1//////|
—│—————————│
Set/unset mines marks or claim a cell as free: > 2 9 free
 │123456789│
—│—————————│
1|/////////|
2|/////////|
3|11////111|
4|X1////1X.|
5|11////111|
6|////111//|
7|////1X1//|
8|111/111//|
9|.X1//////|
—│—————————│
You stepped on a mine and failed!
?[1;31m
Start test 63?[0m
How many mines do you want on the field? > 4
 │123456789│
—│—————————│
1|.........|
2|.........|
3|.........|
4|.........|
5|.........|
6|.........|
7|.........|
8|.........|
9|.........|
—│—————————│
Set/unset mines marks or claim a cell as free: > 4 9 free
 │123456789│
—│—————————│
1|.........|
2|.........|
3|.........|
4|.........|
5|.........|
6|1122.....|
7|///1111..|
8|//////1..|
9|//////1..|
—│—————————│
Set/unset mines marks or claim a cell as free: > 5 5 free
 │123456789│
—│—————————│
1|.........|
2|.........|
3|.........|
4|.........|
5|....2....|
6|1122.....|
7|///1111..|
8|//////1..|
9|//////1..|
—│—————————│
Set/unset mines marks or claim a cell as free: > 8 7 mine
 │123456789│
—│—————————│
1|.........|
2|.........|
3|.........|
4|.........|
5|....2....|
6|1122.....|
7|///1111*.|
8|//////1..|
9|//////1..|
—│—————————│
Set/unset mines marks or claim a cell as free: > 1 3 free
 │123456789│
—│—————————│
1|/////////|
2|/////////|
3|/////////|
4|11211////|
5|....21///|
6|1122.1///|
7|///111111|
8|//////1..|
9|//////1..|
—│—————————│
Set/unset mines marks or claim a cell as free: > 8 9 mine
 │123456789│
—│—————————│
1|/////////|
2|/////////|
3|/////////|
4|11211////|
5|....21///|
6|1122.1///|
7|///111111|
8|//////1..|
9|//////1*.|
—│—————————│
Set/unset mines marks or claim a cell as free: > 5 6 free
 │123456789│
—│—————————│
1|/////////|
2|/////////|
3|/////////|
4|11211////|
5|.X.X21///|
6|1122X1///|
7|///111111|
8|//////1X.|
9|//////1*.|
—│—————————│
You stepped on a mine and failed!
?[1;31m
Start test 64?[0m
How many mines do you want on the field? > 4
 │123456789│
—│—————————│
1|.........|
2|.........|
3|.........|
4|.........|
5|.........|
6|.........|
7|.........|
8|.........|
9|.........|
—│—————————│
Set/unset mines marks or claim a cell as free: > 9 6 free
 │123456789│
—│—————————│
1|.....1///|
2|..1111///|
3|111//////|
4|/////////|
5|111//////|
6|..1//////|
7|..1//////|
8|..111////|
9|....1////|
—│—————————│
Set/unset mines marks or claim a cell as free: > 1 6 mine
 │123456789│
—│—————————│
1|.....1///|
2|..1111///|
3|111//////|
4|/////////|
5|111//////|
6|*.1//////|
7|..1//////|
8|..111////|
9|....1////|
—│—————————│
Set/unset mines marks or claim a cell as free: > 1 2 free
 │123456789│
—│—————————│
1|.....1///|
2|1.1111///|
3|111//////|
4|/////////|
5|111//////|
6|*.1//////|
7|..1//////|
8|..111////|
9|....1////|
—│—————————│
Set/unset mines marks or claim a cell as free: > 2 9 mine
 │123456789│
—│—————————│
1|.....1///|
2|1.1111///|
3|111//////|
4|/////////|
5|111//////|
6|*.1//////|
7|..1//////|
8|..111////|
9|.*..1////|
—│—————————│
Set/unset mines marks or claim a cell as free: > 2 6 mine
 │123456789│
—│—————————│
1|.....1///|
2|1.1111///|
3|111//////|
4|/////////|
5|111//////|
6|**1//////|
7|..1//////|
8|..111////|
9|.*..1////|
—│—————————│
Set/unset mines marks or claim a cell as free: > 3 1 free
 │123456789│
—│—————————│
1|..1..1///|
2|1.1111///|
3|111//////|
4|/////////|
5|111//////|
6|**1//////|
7|..1//////|
8|..111////|
9|.*..1////|
—│—————————│
Set/unset mines marks or claim a cell as free: > 1 7 free
 │123456789│
—│—————————│
1|..1..1///|
2|1.1111///|
3|111//////|
4|/////////|
5|111//////|
6|**1//////|
7|1.1//////|
8|..111////|
9|.*..1////|
—│—————————│
Set/unset mines marks or claim a cell as free: > 1 9 free
 │123456789│
—│—————————│
1|..1..1///|
2|1.1111///|
3|111//////|
4|/////////|
5|111//////|
6|**1//////|
7|111//////|
8|//111////|
9|//1.1////|
—│—————————│
Set/unset mines marks or claim a cell as free: > 2 6 mine
 │123456789│
—│—————————│
1|..1..1///|
2|1.1111///|
3|111//////|
4|/////////|
5|111//////|
6|*.1//////|
7|111//////|
8|//111////|
9|//1.1////|
—│—————————│
Set/unset mines marks or claim a cell as free: > 2 6 free
 │123456789│
—│—————————│
1|..1.X1///|
2|1X1111///|
3|111//////|
4|/////////|
5|111//////|
6|*X1//////|
7|111//////|
8|//111////|
9|//1X1////|
—│—————————│
You stepped on a mine and failed!
?[1;31m
Start test 65?[0m
How many mines do you want on the field? > 4
 │123456789│
—│—————————│
1|.........|
2|.........|
3|.........|
4|.........|
5|.........|
6|.........|
7|.........|
8|.........|
9|.........|
—│—————————│
Set/unset mines marks or claim a cell as free: > 7 6 mine
 │123456789│
—│—————————│
1|.........|
2|.........|
3|.........|
4|.........|
5|.........|
6|......*..|
7|.........|
8|.........|
9|.........|
—│—————————│
Set/unset mines marks or claim a cell as free: > 4 5 free
 │123456789│
—│—————————│
1|/////////|
2|/////1221|
3|/////1...|
4|111//1221|
5|..1//////|
6|111//////|
7|////111//|
8|////1.1//|
9|////1.1//|
—│—————————│
Set/unset mines marks or claim a cell as free: > 2 5 free
 │123456789│
—│—————————│
1|/////////|
2|/////1221|
3|/////1XX.|
4|111//1221|
5|.X1//////|
6|111//////|
7|////111//|
8|////1X1//|
9|////1.1//|
—│—————————│
You stepped on a mine and failed!
?[1;31m
Start test 66?[0m
How many mines do you want on the field? > 4
 │123456789│
—│—————————│
1|.........|
2|.........|
3|.........|
4|.........|
5|.........|
6|.........|
7|.........|
8|.........|
9|.........|
—│—————————│
Set/unset mines marks or claim a cell as free: > 4 7 free
 │123456789│
—│—————————│
1|..1/1.1//|
2|..1/2.2//|
3|111/1.1//|
4|////1.1//|
5|////1.1//|
6|////1.1//|
7|////111//|
8|/////////|
9|/////////|
—│—————————│
Set/unset mines marks or claim a cell as free: > 6 3 mine
 │123456789│
—│—————————│
1|..1/1.1//|
2|..1/2.2//|
3|111/1*1//|
4|////1.1//|
5|////1.1//|
6|////1.1//|
7|////111//|
8|/////////|
9|/////////|
—│—————————│
Set/unset mines marks or claim a cell as free: > 6 3 mine
 │123456789│
—│—————————│
1|..1/1.1//|
2|..1/2.2//|
3|111/1.1//|
4|////1.1//|
5|////1.1//|
6|////1.1//|
7|////111//|
8|/////////|
9|/////////|
—│—————————│
Set/unset mines marks or claim a cell as free: > 1 2 free
 │123456789│
—│—————————│
1|..1/1.1//|
2|1.1/2.2//|
3|111/1.1//|
4|////1.1//|
5|////1.1//|
6|////1.1//|
7|////111//|
8|/////////|
9|/////////|
—│—————————│
Set/unset mines marks or claim a cell as free: > 6 3 mine
 │123456789│
—│—————————│
1|..1/1.1//|
2|1.1/2.2//|
3|111/1*1//|
4|////1.1//|
5|////1.1//|
6|////1.1//|
7|////111//|
8|/////////|
9|/////////|
—│—————————│
Set/unset mines marks or claim a cell as free: > 6 4 mine
 │123456789│
—│—————————│
1|..1/1.1//|
2|1.1/2.2//|
3|111/1*1//|
4|////1*1//|
5|////1.1//|
6|////1.1//|
7|////111//|
8|/////////|
9|/////////|
—│—————————│
Set/unset mines marks or claim a cell as free: > 6 5 free
 │123456789│
—│—————————│
1|..1/1.1//|
2|1.1/2.2//|
3|111/1*1//|
4|////1*1//|
5|////111//|
6|////1.1//|
7|////111//|
8|/////////|
9|/////////|
—│—————————│
Set/unset mines marks or claim a cell as free: > 6 1 mine
 │123456789│
—│—————————│
1|..1/1*1//|
2|1.1/2.2//|
3|111/1*1//|
4|////1*1//|
5|////111//|
6|////1.1//|
7|////111//|
8|/////////|
9|/////////|
—│—————————│
Set/unset mines marks or claim a cell as free: > 2 1 free
 │123456789│
—│—————————│
1|.11/1*1//|
2|1.1/2.2//|
3|111/1*1//|
4|////1*1//|
5|////111//|
6|////1.1//|
7|////111//|
8|/////////|
9|/////////|
—│—————————│
Set/unset mines marks or claim a cell as free: > 6 2 free
 │123456789│
—│—————————│
1|.11/1*1//|
2|1.1/222//|
3|111/1*1//|
4|////1*1//|
5|////111//|
6|////1.1//|
7|////111//|
8|/////////|
9|/////////|
—│—————————│
Set/unset mines marks or claim a cell as free: > 2 2 free
 │123456789│
—│—————————│
1|.11/1X1//|
2|1X1/222//|
3|111/1X1//|
4|////1*1//|
5|////111//|
6|////1X1//|
7|////111//|
8|/////////|
9|/////////|
—│—————————│
You stepped on a mine and failed!
?[1;31m
Start test 67?[0m
How many mines do you want on the field? > 4
 │123456789│
—│—————————│
1|.........|
2|.........|
3|.........|
4|.........|
5|.........|
6|.........|
7|.........|
8|.........|
9|.........|
—│—————————│
Set/unset mines marks or claim a cell as free: > 7 5 mine
 │123456789│
—│—————————│
1|.........|
2|.........|
3|.........|
4|.........|
5|......*..|
6|.........|
7|.........|
8|.........|
9|.........|
—│—————————│
Set/unset mines marks or claim a cell as free: > 7 6 free
 │123456789│
—│—————————│
1|..1///1..|
2|..1///1..|
3|111///11.|
4|///////1.|
5|///////1.|
6|///////11|
7|111//////|
8|..1//////|
9|..1//////|
—│—————————│
Set/unset mines marks or claim a cell as free: > 8 2 mine
 │123456789│
—│—————————│
1|..1///1..|
2|..1///1*.|
3|111///11.|
4|///////1.|
5|///////1.|
6|///////11|
7|111//////|
8|..1//////|
9|..1//////|
—│—————————│
Set/unset mines marks or claim a cell as free: > 1 2 free
 │123456789│
—│—————————│
1|..1///1..|
2|1.1///1*.|
3|111///11.|
4|///////1.|
5|///////1.|
6|///////11|
7|111//////|
8|..1//////|
9|..1//////|
—│—————————│
Set/unset mines marks or claim a cell as free: > 2 2 free
 │123456789│
—│—————————│
1|..1///1..|
2|1X1///1X.|
3|111///11.|
4|///////1.|
5|///////1X|
6|///////11|
7|111//////|
8|.X1//////|
9|..1//////|
—│—————————│
You stepped on a mine and failed!
?[1;31m
Start test 68?[0m
How many mines do you want on the field? > 4
 │123456789│
—│—————————│
1|.........|
2|.........|
3|.........|
4|.........|
5|.........|
6|.........|
7|.........|
8|.........|
9|.........|
—│—————————│
Set/unset mines marks or claim a cell as free: > 5 7 free
 │123456789│
—│—————————│
1|//1......|
2|//1.21111|
3|//1.1////|
4|//1.1////|
5|//1.1////|
6|//111////|
7|/////////|
8|/////////|
9|/////////|
—│—————————│
Set/unset mines marks or claim a cell as free: > 6 1 free
 │123456789│
—│—————————│
1|//1..1...|
2|//1.21111|
3|//1.1////|
4|//1.1////|
5|//1.1////|
6|//111////|
7|/////////|
8|/////////|
9|/////////|
—│—————————│
Set/unset mines marks or claim a cell as free: > 4 2 free
 │123456789│
—│—————————│
1|//1.X1.X.|
2|//1X21111|
3|//1.1////|
4|//1.1////|
5|//1X1////|
6|//111////|
7|/////////|
8|/////////|
9|/////////|
—│—————————│
You stepped on a mine and failed!
?[1;31m
Start test 69?[0m
How many mines do you want on the field? > 4
 │123456789│
—│—————————│
1|.........|
2|.........|
3|.........|
4|.........|
5|.........|
6|.........|
7|.........|
8|.........|
9|.........|
—│—————————│
Set/unset mines marks or claim a cell as free: > 2 6 free
 │123456789│
—│—————————│
1|///1.1///|
2|///111///|
3|/111/111/|
4|/1.1/1.1/|
5|/111/111/|
6|/////////|
7|//111////|
8|//1.1////|
9|//1.1////|
—│—————————│
Set/unset mines marks or claim a cell as free: > 5 1 mine
 │123456789│
—│—————————│
1|///1*1///|
2|///111///|
3|/111/111/|
4|/1.1/1.1/|
5|/111/111/|
6|/////////|
7|//111////|
8|//1.1////|
9|//1.1////|
—│—————————│
Set/unset mines marks or claim a cell as free: > 5 1 mine
 │123456789│
—│—————————│
1|///1.1///|
2|///111///|
3|/111/111/|
4|/1.1/1.1/|
5|/111/111/|
6|/////////|
7|//111////|
8|//1.1////|
9|//1.1////|
—│—————————│
Set/unset mines marks or claim a cell as free: > 4 9 free
 │123456789│
—│—————————│
1|///1.1///|
2|///111///|
3|/111/111/|
4|/1.1/1.1/|
5|/111/111/|
6|/////////|
7|//111////|
8|//1.1////|
9|//111////|
—│—————————│
Congratulations! You found all mines!
?[1;31m
Start test 70?[0m
How many mines do you want on the field? > 4
 │123456789│
—│—————————│
1|.........|
2|.........|
3|.........|
4|.........|
5|.........|
6|.........|
7|.........|
8|.........|
9|.........|
—│—————————│
Set/unset mines marks or claim a cell as free: > 5 3 mine
 │123456789│
—│—————————│
1|.........|
2|.........|
3|....*....|
4|.........|
5|.........|
6|.........|
7|.........|
8|.........|
9|.........|
—│—————————│
Set/unset mines marks or claim a cell as free: > 2 8 free
 │123456789│
—│—————————│
1|.........|
2|.........|
3|....*....|
4|.........|
5|.........|
6|.........|
7|.........|
8|.1.......|
9|.........|
—│—————————│
Set/unset mines marks or claim a cell as free: > 7 8 free
 │123456789│
—│—————————│
1|/////////|
2|/////////|
3|/////////|
4|/////////|
5|//111////|
6|//2.2////|
7|//2.2////|
8|/13.2////|
9|/1..1////|
—│—————————│
Set/unset mines marks or claim a cell as free: > 4 9 free
 │123456789│
—│—————————│
1|/////////|
2|/////////|
3|/////////|
4|/////////|
5|//111////|
6|//2X2////|
7|//2X2////|
8|/13.2////|
9|/1XX1////|
—│—————————│
You stepped on a mine and failed!
?[1;31m
Start test 71?[0m
How many mines do you want on the field? > 4
 │123456789│
—│—————————│
1|.........|
2|.........|
3|.........|
4|.........|
5|.........|
6|.........|
7|.........|
8|.........|
9|.........|
—│—————————│
Set/unset mines marks or claim a cell as free: > 6 3 free
 │123456789│
—│—————————│
1|/////////|
2|/////////|
3|111//////|
4|..1//////|
5|111//////|
6|///122211|
7|///1.....|
8|///122211|
9|/////////|
—│—————————│
Set/unset mines marks or claim a cell as free: > 8 7 free
 │123456789│
—│—————————│
1|/////////|
2|/////////|
3|111//////|
4|.X1//////|
5|111//////|
6|///122211|
7|///1XX.X.|
8|///122211|
9|/////////|
—│—————————│
You stepped on a mine and failed!
?[1;31m
Start test 72?[0m
How many mines do you want on the field? > 4
 │123456789│
—│—————————│
1|.........|
2|.........|
3|.........|
4|.........|
5|.........|
6|.........|
7|.........|
8|.........|
9|.........|
—│—————————│
Set/unset mines marks or claim a cell as free: > 3 4 mine
 │123456789│
—│—————————│
1|.........|
2|.........|
3|.........|
4|..*......|
5|.........|
6|.........|
7|.........|
8|.........|
9|.........|
—│—————————│
Set/unset mines marks or claim a cell as free: > 1 9 mine
 │123456789│
—│—————————│
1|.........|
2|.........|
3|.........|
4|..*......|
5|.........|
6|.........|
7|.........|
8|.........|
9|*........|
—│—————————│
Set/unset mines marks or claim a cell as free: > 3 2 free
 │123456789│
—│—————————│
1|/////////|
2|11///////|
3|.1//111//|
4|11//1.1//|
5|////111//|
6|111//////|
7|..1//////|
8|..2//////|
9|*.1//////|
—│—————————│
Set/unset mines marks or claim a cell as free: > 2 8 free
 │123456789│
—│—————————│
1|/////////|
2|11///////|
3|.1//111//|
4|11//1.1//|
5|////111//|
6|111//////|
7|..1//////|
8|.22//////|
9|*.1//////|
—│—————————│
Set/unset mines marks or claim a cell as free: > 1 7 free
 │123456789│
—│—————————│
1|/////////|
2|11///////|
3|.1//111//|
4|11//1.1//|
5|////111//|
6|111//////|
7|1.1//////|
8|.22//////|
9|*.1//////|
—│—————————│
Set/unset mines marks or claim a cell as free: > 1 3 free
 │123456789│
—│—————————│
1|/////////|
2|11///////|
3|X1//111//|
4|11//1X1//|
5|////111//|
6|111//////|
7|1X1//////|
8|.22//////|
9|*X1//////|
—│—————————│
You stepped on a mine and failed!
?[1;31m
Start test 73?[0m
How many mines do you want on the field? > 4
 │123456789│
—│—————————│
1|.........|
2|.........|
3|.........|
4|.........|
5|.........|
6|.........|
7|.........|
8|.........|
9|.........|
—│—————————│
Set/unset mines marks or claim a cell as free: > 4 8 free
 │123456789│
—│—————————│
1|.........|
2|.........|
3|.........|
4|.........|
5|.........|
6|.........|
7|.........|
8|...1.....|
9|.........|
—│—————————│
Set/unset mines marks or claim a cell as free: > 4 5 free
 │123456789│
—│—————————│
1|///1.....|
2|///1111..|
3|//////111|
4|/////////|
5|////111//|
6|////1.1//|
7|////111//|
8|//111////|
9|//1.1////|
—│—————————│
Set/unset mines marks or claim a cell as free: > 8 2 mine
 │123456789│
—│—————————│
1|///1.....|
2|///1111*.|
3|//////111|
4|/////////|
5|////111//|
6|////1.1//|
7|////111//|
8|//111////|
9|//1.1////|
—│—————————│
Set/unset mines marks or claim a cell as free: > 8 2 mine
 │123456789│
—│—————————│
1|///1.....|
2|///1111..|
3|//////111|
4|/////////|
5|////111//|
6|////1.1//|
7|////111//|
8|//111////|
9|//1.1////|
—│—————————│
Set/unset mines marks or claim a cell as free: > 4 9 free
 │123456789│
—│—————————│
1|///1X....|
2|///1111X.|
3|//////111|
4|/////////|
5|////111//|
6|////1X1//|
7|////111//|
8|//111////|
9|//1X1////|
—│—————————│
You stepped on a mine and failed!
?[1;31m
Start test 74?[0m
How many mines do you want on the field? > 4
 │123456789│
—│—————————│
1|.........|
2|.........|
3|.........|
4|.........|
5|.........|
6|.........|
7|.........|
8|.........|
9|.........|
—│—————————│
Set/unset mines marks or claim a cell as free: > 4 1 free
 │123456789│
—│—————————│
1|///////1.|
2|//111112.|
3|//1....21|
4|//111111/|
5|/////////|
6|/////////|
7|///////11|
8|///////1.|
9|///////1.|
—│—————————│
Set/unset mines marks or claim a cell as free: > 9 1 free
 │123456789│
—│—————————│
1|///////11|
2|//111112.|
3|//1....21|
4|//111111/|
5|/////////|
6|/////////|
7|///////11|
8|///////1.|
9|///////1.|
—│—————————│
Set/unset mines marks or claim a cell as free: > 7 3 free
 │123456789│
—│—————————│
1|///////11|
2|//111112X|
3|//1X..X21|
4|//111111/|
5|/////////|
6|/////////|
7|///////11|
8|///////1X|
9|///////1.|
—│—————————│
You stepped on a mine and failed!
?[1;31m
Start test 75?[0m
How many mines do you want on the field? > 4
 │123456789│
—│—————————│
1|.........|
2|.........|
3|.........|
4|.........|
5|.........|
6|.........|
7|.........|
8|.........|
9|.........|
—│—————————│
Set/unset mines marks or claim a cell as free: > 6 7 free
 │123456789│
—│—————————│
1|...1/////|
2|..21/////|
3|..1//////|
4|111//////|
5|/////////|
6|/111/////|
7|/2.2/////|
8|/2.2/////|
9|/1.1/////|
—│—————————│
Set/unset mines marks or claim a cell as free: > 2 1 free
 │123456789│
—│—————————│
1|.1.1/////|
2|..21/////|
3|..1//////|
4|111//////|
5|/////////|
6|/111/////|
7|/2.2/////|
8|/2.2/////|
9|/1.1/////|
—│—————————│
Set/unset mines marks or claim a cell as free: > 3 7 free
 │123456789│
—│—————————│
1|.1X1/////|
2|..21/////|
3|.X1//////|
4|111//////|
5|/////////|
6|/111/////|
7|/2X2/////|
8|/2X2/////|
9|/1.1/////|
—│—————————│
You stepped on a mine and failed!
?[1;31m
Start test 76?[0m
How many mines do you want on the field? > 4
 │123456789│
—│—————————│
1|.........|
2|.........|
3|.........|
4|.........|
5|.........|
6|.........|
7|.........|
8|.........|
9|.........|
—│—————————│
Set/unset mines marks or claim a cell as free: > 3 5 free
 │123456789│
—│—————————│
1|.........|
2|.........|
3|.........|
4|.........|
5|..1......|
6|.........|
7|.........|
8|.........|
9|.........|
—│—————————│
Set/unset mines marks or claim a cell as free: > 4 4 free
 │123456789│
—│—————————│
1|/////////|
2|111//////|
3|..1//////|
4|..1/111//|
5|..1/1.1//|
6|..1/111//|
7|.11//////|
8|.1///////|
9|.1///////|
—│—————————│
Set/unset mines marks or claim a cell as free: > 1 4 mine
 │123456789│
—│—————————│
1|/////////|
2|111//////|
3|..1//////|
4|*.1/111//|
5|..1/1.1//|
6|..1/111//|
7|.11//////|
8|.1///////|
9|.1///////|
—│—————————│
Set/unset mines marks or claim a cell as free: > 2 3 free
 │123456789│
—│—————————│
1|/////////|
2|111//////|
3|.X1//////|
4|*.1/111//|
5|..1/1X1//|
6|.X1/111//|
7|.11//////|
8|.1///////|
9|X1///////|
—│—————————│
You stepped on a mine and failed!
?[1;31m
Start test 77?[0m
How many mines do you want on the field? > 4
 │123456789│
—│—————————│
1|.........|
2|.........|
3|.........|
4|.........|
5|.........|
6|.........|
7|.........|
8|.........|
9|.........|
—│—————————│
Set/unset mines marks or claim a cell as free: > 2 4 free
 │123456789│
—│—————————│
1|.........|
2|.........|
3|.........|
4|.1.......|
5|.........|
6|.........|
7|.........|
8|.........|
9|.........|
—│—————————│
Set/unset mines marks or claim a cell as free: > 3 3 free
 │123456789│
—│—————————│
1|/////////|
2|///////11|
3|///////1.|
4|111////11|
5|..1//////|
6|111/111//|
7|////2.2//|
8|////2.2//|
9|////1.1//|
—│—————————│
Set/unset mines marks or claim a cell as free: > 6 9 mine
 │123456789│
—│—————————│
1|/////////|
2|///////11|
3|///////1.|
4|111////11|
5|..1//////|
6|111/111//|
7|////2.2//|
8|////2.2//|
9|////1*1//|
—│—————————│
Set/unset mines marks or claim a cell as free: > 6 7 free
 │123456789│
—│—————————│
1|/////////|
2|///////11|
3|///////1X|
4|111////11|
5|.X1//////|
6|111/111//|
7|////2X2//|
8|////2X2//|
9|////1*1//|
—│—————————│
You stepped on a mine and failed!
?[1;31m
Start test 78?[0m
[...]
 │123456789│
—│—————————│
1|.........|
2|.........|
3|.........|
4|.........|
5|.........|
6|......*..|
7|.........|
8|.........|
9|.........|
—│—————————│
Set/unset mines marks or claim a cell as free: > 1 1 mine
 │123456789│
—│—————————│
1|*........|
2|.........|
3|.........|
4|.........|
5|.........|
6|......*..|
7|.........|
8|.........|
9|.........|
—│—————————│
Set/unset mines marks or claim a cell as free: > 1 1 mine
 │123456789│
—│—————————│
1|.........|
2|.........|
3|.........|
4|.........|
5|.........|
6|......*..|
7|.........|
8|.........|
9|.........|
—│—————————│
Set/unset mines marks or claim a cell as free: > 3 2 free
 │123456789│
—│—————————│
1|.........|
2|..2......|
3|.........|
4|.........|
5|.........|
6|......*..|
7|.........|
8|.........|
9|.........|
—│—————————│
Set/unset mines marks or claim a cell as free: > 6 8 free
 │123456789│
—│—————————│
1|.........|
2|..2......|
3|.........|
4|.........|
5|.........|
6|......*..|
7|.........|
8|.....3...|
9|.........|
—│—————————│
Set/unset mines marks or claim a cell as free: > 7 6 mine
 │123456789│
—│—————————│
1|.........|
2|..2......|
3|.........|
4|.........|
5|.........|
6|.........|
7|.........|
8|.....3...|
9|.........|
—│—————————│
Set/unset mines marks or claim a cell as free: > 9 4 mine
 │123456789│
—│—————————│
1|.........|
2|..2......|
3|.........|
4|........*|
5|.........|
6|.........|
7|.........|
8|.....3...|
9|.........|
—│—————————│
Set/unset mines marks or claim a cell as free: > 8 8 free
 │123456789│
—│—————————│
1|.........|
2|..2......|
3|.........|
4|........*|
5|.........|
6|.........|
7|.........|
8|.....3.4.|
9|.........|
—│—————————│
Set/unset mines marks or claim a cell as free: > 2 6 free
 │123456789│
—│—————————│
1|.........|
2|..2......|
3|1112.....|
4|///12...*|
5|////1....|
6|//112....|
7|/12......|
8|/1...3.4.|
9|/1.......|
—│—————————│
Set/unset mines marks or claim a cell as free: > 8 5 free
 │123456789│
—│—————————│
1|..X...X..|
2|.X2.XX...|
3|1112X.X..|
4|///12..XX|
5|////1XXX.|
6|//112...X|
7|/12X..X..|
8|/1X..3X4.|
9|/1..X..XX|
—│—————————│
You stepped on a mine and failed!
?[1;31m
Start test 97?[0m
How many mines do you want on the field? > 25
 │123456789│
—│—————————│
1|.........|
2|.........|
3|.........|
4|.........|
5|.........|
6|.........|
7|.........|
8|.........|
9|.........|
—│—————————│
Set/unset mines marks or claim a cell as free: > 6 1 free
 │123456789│
—│—————————│
1|.....3...|
2|.........|
3|.........|
4|.........|
5|.........|
6|.........|
7|.........|
8|.........|
9|.........|
—│—————————│
Set/unset mines marks or claim a cell as free: > 3 5 free
 │123456789│
—│—————————│
1|.....3...|
2|.........|
3|.........|
4|.........|
5|..2......|
6|.........|
7|.........|
8|.........|
9|.........|
—│—————————│
Set/unset mines marks or claim a cell as free: > 6 7 free
 │123456789│
—│—————————│
1|.XXX.3X..|
2|..X..XX..|
3|.X.X...XX|
4|...X.X...|
5|.X2.XX..X|
6|X.....X..|
7|.X..XX...|
8|.........|
9|....XX..X|
—│—————————│
You stepped on a mine and failed!
?[1;31m
Start test 98?[0m
How many mines do you want on the field? > 25
 │123456789│
—│—————————│
1|.........|
2|.........|
3|.........|
4|.........|
5|.........|
6|.........|
7|.........|
8|.........|
9|.........|
—│—————————│
Set/unset mines marks or claim a cell as free: > 3 9 mine
 │123456789│
—│—————————│
1|.........|
2|.........|
3|.........|
4|.........|
5|.........|
6|.........|
7|.........|
8|.........|
9|..*......|
—│—————————│
Set/unset mines marks or claim a cell as free: > 7 5 free
 │123456789│
—│—————————│
1|.........|
2|.........|
3|.........|
4|.........|
5|......2..|
6|.........|
7|.........|
8|.........|
9|..*......|
—│—————————│
Set/unset mines marks or claim a cell as free: > 5 6 free
 │123456789│
—│—————————│
1|.........|
2|.........|
3|.........|
4|.........|
5|......2..|
6|....4....|
7|.........|
8|.........|
9|..*......|
—│—————————│
Set/unset mines marks or claim a cell as free: > 8 1 free
 │123456789│
—│—————————│
1|.......1.|
2|.........|
3|.........|
4|.........|
5|......2..|
6|....4....|
7|.........|
8|.........|
9|..*......|
—│—————————│
Set/unset mines marks or claim a cell as free: > 8 5 free
 │123456789│
—│—————————│
1|.......1.|
2|.........|
3|.........|
4|.........|
5|......22.|
6|....4....|
7|.........|
8|.........|
9|..*......|
—│—————————│
Set/unset mines marks or claim a cell as free: > 6 5 mine
 │123456789│
—│—————————│
1|.......1.|
2|.........|
3|.........|
4|.........|
5|.....*22.|
6|....4....|
7|.........|
8|.........|
9|..*......|
—│—————————│
Set/unset mines marks or claim a cell as free: > 9 4 mine
 │123456789│
—│—————————│
1|.......1.|
2|.........|
3|.........|
4|........*|
5|.....*22.|
6|....4....|
7|.........|
8|.........|
9|..*......|
—│—————————│
Set/unset mines marks or claim a cell as free: > 5 7 mine
 │123456789│
—│—————————│
1|.......1.|
2|.........|
3|.........|
4|........*|
5|.....*22.|
6|....4....|
7|....*....|
8|.........|
9|..*......|
—│—————————│
Set/unset mines marks or claim a cell as free: > 1 9 free
 │123456789│
—│—————————│
1|.......1.|
2|.........|
3|.........|
4|........*|
5|.....*22.|
6|....4....|
7|....*....|
8|234......|
9|//2......|
—│—————————│
Set/unset mines marks or claim a cell as free: > 3 4 free
 │123456789│
—│—————————│
1|.......1.|
2|.........|
3|.........|
4|..2.....*|
5|.....*22.|
6|....4....|
7|....*....|
8|234......|
9|//2......|
—│—————————│
Set/unset mines marks or claim a cell as free: > 9 7 free
 │123456789│
—│—————————│
1|.......1.|
2|.........|
3|.........|
4|..2.....*|
5|.....*22.|
6|....4....|
7|....*...1|
8|234......|
9|//2......|
—│—————————│
Set/unset mines marks or claim a cell as free: > 8 7 free
 │123456789│
—│—————————│
1|.......1.|
2|.........|
3|.........|
4|..2.....*|
5|.....*22.|
6|....4....|
7|....*..11|
8|234......|
9|//2......|
—│—————————│
Set/unset mines marks or claim a cell as free: > 5 7 mine
 │123456789│
—│—————————│
1|.......1.|
2|.........|
3|.........|
4|..2.....*|
5|.....*22.|
6|....4....|
7|.......11|
8|234......|
9|//2......|
—│—————————│
Set/unset mines marks or claim a cell as free: > 1 4 mine
 │123456789│
—│—————————│
1|.......1.|
2|.........|
3|.........|
4|*.2.....*|
5|.....*22.|
6|....4....|
7|.......11|
8|234......|
9|//2......|
—│—————————│
Set/unset mines marks or claim a cell as free: > 6 9 free
 │123456789│
—│—————————│
1|.......1.|
2|.........|
3|.........|
4|*.2.....*|
5|.....*22.|
6|....4....|
7|.......11|
8|234......|
9|//2..1...|
—│—————————│
Set/unset mines marks or claim a cell as free: > 6 7 free
 │123456789│
—│—————————│
1|.......1.|
2|.........|
3|.........|
4|*.2.....*|
5|.....*22.|
6|....4....|
7|.....2.11|
8|234......|
9|//2..1...|
—│—————————│
Set/unset mines marks or claim a cell as free: > 7 4 free
 │123456789│
—│—————————│
1|.......1.|
2|.........|
3|.........|
4|*.2...3.*|
5|.....*22.|
6|....4....|
7|.....2.11|
8|234......|
9|//2..1...|
—│—————————│
Set/unset mines marks or claim a cell as free: > 7 3 mine
 │123456789│
—│—————————│
1|.......1.|
2|.........|
3|......*..|
4|*.2...3.*|
5|.....*22.|
6|....4....|
7|.....2.11|
8|234......|
9|//2..1...|
—│—————————│
Set/unset mines marks or claim a cell as free: > 6 5 mine
 │123456789│
—│—————————│
1|.......1.|
2|.........|
3|......*..|
4|*.2...3.*|
5|......22.|
6|....4....|
7|.....2.11|
8|234......|
9|//2..1...|
—│—————————│
Set/unset mines marks or claim a cell as free: > 1 7 free
 │123456789│
—│—————————│
1|.XXXX..1.|
2|.......X.|
3|XX...XX..|
4|*.2.X.3XX|
5|X..X..22.|
6|...X4X...|
7|XXX.X2.11|
8|234X....X|
9|//2X.1XX.|
—│—————————│
You stepped on a mine and failed!
?[1;31m
Start test 99?[0m
How many mines do you want on the field? > 30
 │123456789│
—│—————————│
1|.........|
2|.........|
3|.........|
4|.........|
5|.........|
6|.........|
7|.........|
8|.........|
9|.........|
—│—————————│
Set/unset mines marks or claim a cell as free: > 7 7 free
 │123456789│
—│—————————│
1|....X.XXX|
2|.XX..X...|
3|X..X.....|
4|..XX.....|
5|XX......X|
6|.X.X.X..X|
7|...X.XX..|
8|.XXX.X.X.|
9|X.X..X..X|
—│—————————│
You stepped on a mine and failed!
?[1;31m
Start test 100?[0m
How many mines do you want on the field? > 30
 │123456789│
—│—————————│
1|.........|
2|.........|
3|.........|
4|.........|
5|.........|
6|.........|
7|.........|
8|.........|
9|.........|
—│—————————│
Set/unset mines marks or claim a cell as free: > 1 2 free
 │123456789│
—│—————————│
1|.........|
2|3........|
3|.........|
4|.........|
5|.........|
6|.........|
7|.........|
8|.........|
9|.........|
—│—————————│
Set/unset mines marks or claim a cell as free: > 8 7 mine
 │123456789│
—│—————————│
1|.........|
2|3........|
3|.........|
4|.........|
5|.........|
6|.........|
7|.......*.|
8|.........|
9|.........|
—│—————————│
Set/unset mines marks or claim a cell as free: > 8 8 free
 │123456789│
—│—————————│
1|.........|
2|3........|
3|.........|
4|.........|
5|.........|
6|.........|
7|.......*.|
8|.......3.|
9|.........|
—│—————————│
Set/unset mines marks or claim a cell as free: > 8 7 mine
 │123456789│
—│—————————│
1|.........|
2|3........|
3|.........|
4|.........|
5|.........|
6|.........|
7|.........|
8|.......3.|
9|.........|
—│—————————│
Set/unset mines marks or claim a cell as free: > 5 4 mine
 │123456789│
—│—————————│
1|.........|
2|3........|
3|.........|
4|....*....|
5|.........|
6|.........|
7|.........|
8|.......3.|
9|.........|
—│—————————│
Set/unset mines marks or claim a cell as free: > 2 8 free
 │123456789│
—│—————————│
1|.X.......|
2|3XX..XX..|
3|X.XXXX..X|
4|..XX*...X|
5|....XX...|
6|.XX.....X|
7|..XX..X..|
8|XX...X.3X|
9|.XXX...X.|
—│—————————│
You stepped on a mine and failed!
?[1;31m
Start test 101?[0m
How many mines do you want on the field? > 35
 │123456789│
—│—————————│
1|.........|
2|.........|
3|.........|
4|.........|
5|.........|
6|.........|
7|.........|
8|.........|
9|.........|
—│—————————│
Set/unset mines marks or claim a cell as free: > 5 6 free
 │123456789│
—│—————————│
1|X.X.X...X|
2|X..XXX..X|
3|.X......X|
4|...X...X.|
5|.XX.X.XX.|
6|X...XX.XX|
7|.X....XXX|
8|XX..X..X.|
9|XX....XX.|
—│—————————│
You stepped on a mine and failed!
?[1;31m
Start test 102?[0m
How many mines do you want on the field? > 35
 │123456789│
—│—————————│
1|.........|
2|.........|
3|.........|
4|.........|
5|.........|
6|.........|
7|.........|
8|.........|
9|.........|
—│—————————│
Set/unset mines marks or claim a cell as free: > 1 7 free
 │123456789│
—│—————————│
1|.........|
2|.........|
3|.........|
4|.........|
5|.........|
6|.........|
7|2........|
8|.........|
9|.........|
—│—————————│
Set/unset mines marks or claim a cell as free: > 7 8 mine
 │123456789│
—│—————————│
1|.........|
2|.........|
3|.........|
4|.........|
5|.........|
6|.........|
7|2........|
8|......*..|
9|.........|
—│—————————│
Set/unset mines marks or claim a cell as free: > 6 7 free
 │123456789│
—│—————————│
1|X....X..X|
2|.X..XX.X.|
3|..XX.X.X.|
4|XX..XX...|
5|X.X..X..X|
6|.X.X.XXXX|
7|2.X..X...|
8|X..X..XX.|
9|...XX..XX|
—│—————————│
You stepped on a mine and failed!
?[1;31m
Start test 103?[0m
How many mines do you want on the field? > 40
 │123456789│
—│—————————│
1|.........|
2|.........|
3|.........|
4|.........|
5|.........|
6|.........|
7|.........|
8|.........|
9|.........|
—│—————————│
Set/unset mines marks or claim a cell as free: > 8 9 mine
 │123456789│
—│—————————│
1|.........|
2|.........|
3|.........|
4|.........|
5|.........|
6|.........|
7|.........|
8|.........|
9|.......*.|
—│—————————│
Set/unset mines marks or claim a cell as free: > 8 2 free
 │123456789│
—│—————————│
1|..X..XX.X|
2|X.X.X.XX.|
3|XX.XXXX..|
4|X.XX..X.X|
5|X.XX.X.X.|
6|X..X..XX.|
7|..X...X.X|
8|..X.X.XXX|
9|X.X..X.*.|
—│—————————│
You stepped on a mine and failed!
?[1;31m
Start test 104?[0m
How many mines do you want on the field? > 40
 │123456789│
—│—————————│
1|.........|
2|.........|
3|.........|
4|.........|
5|.........|
6|.........|
7|.........|
8|.........|
9|.........|
—│—————————│
Set/unset mines marks or claim a cell as free: > 5 4 mine
 │123456789│
—│—————————│
1|.........|
2|.........|
3|.........|
4|....*....|
5|.........|
6|.........|
7|.........|
8|.........|
9|.........|
—│—————————│
Set/unset mines marks or claim a cell as free: > 6 7 free
 │123456789│
—│—————————│
1|.........|
2|.........|
3|.........|
4|....*....|
5|.........|
6|.........|
7|.....5...|
8|.........|
9|.........|
—│—————————│
Set/unset mines marks or claim a cell as free: > 6 8 free
 │123456789│
—│—————————│
1|.........|
2|.........|
3|.........|
4|....*....|
5|.........|
6|.........|
7|.....5...|
8|.....5...|
9|.........|
—│—————————│
Set/unset mines marks or claim a cell as free: > 3 8 free
 │123456789│
—│—————————│
1|.X.XXXXXX|
2|.X....X.X|
3|X..XX.X..|
4|.XXXX.X.X|
5|.X.....X.|
6|X.XXXXX..|
7|X..XX5.X.|
8|..X..5X..|
9|..XXXXX.X|
—│—————————│
You stepped on a mine and failed!
?[1;31m
Start test 105?[0m
How many mines do you want on the field? > 45
 │123456789│
—│—————————│
1|.........|
2|.........|
3|.........|
4|.........|
5|.........|
6|.........|
7|.........|
8|.........|
9|.........|
—│—————————│
Set/unset mines marks or claim a cell as free: > 6 3 free
 │123456789│
—│—————————│
1|.........|
2|.........|
3|.....6...|
4|.........|
5|.........|
6|.........|
7|.........|
8|.........|
9|.........|
—│—————————│
Set/unset mines marks or claim a cell as free: > 6 7 free
 │123456789│
—│—————————│
1|XX.X.XXX.|
2|.X.XX.XXX|
3|....X6XXX|
4|.X..XX..X|
5|.XX.XX..X|
6|.X..XXXXX|
7|X.XXXXXX.|
8|X.X.....X|
9|X.X...X.X|
—│—————————│
You stepped on a mine and failed!
?[1;31m
Start test 106?[0m
How many mines do you want on the field? > 45
 │123456789│
—│—————————│
1|.........|
2|.........|
3|.........|
4|.........|
5|.........|
6|.........|
7|.........|
8|.........|
9|.........|
—│—————————│
Set/unset mines marks or claim a cell as free: > 9 4 free
 │123456789│
—│—————————│
1|.........|
2|.........|
3|.........|
4|........4|
5|.........|
6|.........|
7|.........|
8|.........|
9|.........|
—│—————————│
Set/unset mines marks or claim a cell as free: > 6 6 mine
 │123456789│
—│—————————│
1|.........|
2|.........|
3|.........|
4|........4|
5|.........|
6|.....*...|
7|.........|
8|.........|
9|.........|
—│—————————│
Set/unset mines marks or claim a cell as free: > 1 4 free
 │123456789│
—│—————————│
1|.........|
2|.........|
3|.........|
4|2.......4|
5|.........|
6|.....*...|
7|.........|
8|.........|
9|.........|
—│—————————│
Set/unset mines marks or claim a cell as free: > 6 6 mine
 │123456789│
—│—————————│
1|.........|
2|.........|
3|.........|
4|2.......4|
5|.........|
6|.........|
7|.........|
8|.........|
9|.........|
—│—————————│
Set/unset mines marks or claim a cell as free: > 3 6 mine
 │123456789│
—│—————————│
1|.........|
2|.........|
3|.........|
4|2.......4|
5|.........|
6|..*......|
7|.........|
8|.........|
9|.........|
—│—————————│
Set/unset mines marks or claim a cell as free: > 4 5 free
 │123456789│
—│—————————│
1|..X..XXX.|
2|.....XXX.|
3|.XX.X.XXX|
4|2..XX.XX4|
5|X.XX.X.X.|
6|XXX..XXXX|
7|XX.XX.XX.|
8|X...X.XXX|
9|XX.XX...X|
—│—————————│
You stepped on a mine and failed!
?[1;31m
Start test 107?[0m
How many mines do you want on the field? > 50
 │123456789│
—│—————————│
1|.........|
2|.........|
3|.........|
4|.........|
5|.........|
6|.........|
7|.........|
8|.........|
9|.........|
—│—————————│
Set/unset mines marks or claim a cell as free: > 5 5 free
 │123456789│
—│—————————│
1|XXXX....X|
2|X..XX..XX|
3|.XX.XX..X|
4|X.X.XXXXX|
5|XX.XXX..X|
6|X.X.X.X.X|
7|.X.XXXXXX|
8|X...X..X.|
9|X.XXXXXX.|
—│—————————│
You stepped on a mine and failed!
?[1;31m
Start test 108?[0m
How many mines do you want on the field? > 50
 │123456789│
—│—————————│
1|.........|
2|.........|
3|.........|
4|.........|
5|.........|
6|.........|
7|.........|
8|.........|
9|.........|
—│—————————│
Set/unset mines marks or claim a cell as free: > 3 9 free
 │123456789│
—│—————————│
1|.........|
2|.........|
3|.........|
4|.........|
5|.........|
6|.........|
7|.........|
8|.........|
9|..4......|
—│—————————│
Set/unset mines marks or claim a cell as free: > 6 6 free
 │123456789│
—│—————————│
1|.........|
2|.........|
3|.........|
4|.........|
5|.........|
6|.....6...|
7|.........|
8|.........|
9|..4......|
—│—————————│
Set/unset mines marks or claim a cell as free: > 9 2 free
 │123456789│
—│—————————│
1|XX.XX...X|
2|X.X.XX.XX|
3|X...XXX..|
4|.XX.X..XX|
5|.XXX.XXXX|
6|XXXXX6.X.|
7|X.XXXXXX.|
8|.XXX.X..X|
9|X.4XX..XX|
—│—————————│
You stepped on a mine and failed!
?[1;31m
Start test 109?[0m
How many mines do you want on the field? > 55
 │123456789│
—│—————————│
1|.........|
2|.........|
3|.........|
4|.........|
5|.........|
6|.........|
7|.........|
8|.........|
9|.........|
—│—————————│
Set/unset mines marks or claim a cell as free: > 7 4 free
 │123456789│
—│—————————│
1|.........|
2|.........|
3|.........|
4|......5..|
5|.........|
6|.........|
7|.........|
8|.........|
9|.........|
—│—————————│
Set/unset mines marks or claim a cell as free: > 9 4 free
 │123456789│
—│—————————│
1|XXXXXX..X|
2|XXXX....X|
3|XX.X.X..X|
4|XXXX.X5XX|
5|XXXXX.XX.|
6|X.X.XXXXX|
7|.XX.XXXXX|
8|X.X..XX.X|
9|X.XX...XX|
—│—————————│
You stepped on a mine and failed!
?[1;31m
Start test 110?[0m
How many mines do you want on the field? > 55
 │123456789│
—│—————————│
1|.........|
2|.........|
3|.........|
4|.........|
5|.........|
6|.........|
7|.........|
8|.........|
9|.........|
—│—————————│
Set/unset mines marks or claim a cell as free: > 9 2 free
 │123456789│
—│—————————│
1|.........|
2|........4|
3|.........|
4|.........|
5|.........|
6|.........|
7|.........|
8|.........|
9|.........|
—│—————————│
Set/unset mines marks or claim a cell as free: > 5 2 free
 │123456789│
—│—————————│
1|.X..XXXXX|
2|....XXX.4|
3|.XXXXXXXX|
4|XXXXXXX..|
5|XXX.XXXXX|
6|XXX.X.X..|
7|X.XXXXXXX|
8|XX.XXXXX.|
9|..XXX....|
—│—————————│
You stepped on a mine and failed!
?[1;31m
Start test 111?[0m
How many mines do you want on the field? > 60
 │123456789│
—│—————————│
1|.........|
2|.........|
3|.........|
4|.........|
5|.........|
6|.........|
7|.........|
8|.........|
9|.........|
—│—————————│
Set/unset mines marks or claim a cell as free: > 4 9 free
 │123456789│
—│—————————│
1|.........|
2|.........|
3|.........|
4|.........|
5|.........|
6|.........|
7|.........|
8|.........|
9|...3.....|
—│—————————│
Set/unset mines marks or claim a cell as free: > 7 2 free
 │123456789│
—│—————————│
1|X.XXXXXXX|
2|..XXX.XX.|
3|.X.XXXXX.|
4|X.XXX.XXX|
5|..XXXXXXX|
6|XXXXXXXXX|
7|XX.XXXXXX|
8|...XXXXX.|
9|XX.3X..XX|
—│—————————│
You stepped on a mine and failed!
?[1;31m
Start test 112?[0m
How many mines do you want on the field? > 60
 │123456789│
—│—————————│
1|.........|
2|.........|
3|.........|
4|.........|
5|.........|
6|.........|
7|.........|
8|.........|
9|.........|
—│—————————│
Set/unset mines marks or claim a cell as free: > 5 9 free
 │123456789│
—│—————————│
1|XXXX.X.XX|
2|..XXXXXX.|
3|XX.X.XXXX|
4|.XX.XXXXX|
5|XXXXX.XX.|
6|XX.X.X.XX|
7|XXXXX.X.X|
8|X.XX.X..X|
9|XXXXXXX.X|
—│—————————│
You stepped on a mine and failed!
?[1;31m
Start test 113?[0m
How many mines do you want on the field? > 65
 │123456789│
—│—————————│
1|.........|
2|.........|
3|.........|
4|.........|
5|.........|
6|.........|
7|.........|
8|.........|
9|.........|
—│—————————│
Set/unset mines marks or claim a cell as free: > 4 7 free
 │123456789│
—│—————————│
1|.XXX.XXXX|
2|.XXXX..XX|
3|XXX.X.XXX|
4|XXXXXX.X.|
5|XXX.XXXXX|
6|.X.XX.XXX|
7|XXXXXXXXX|
8|XXXXX.XXX|
9|.XXXXXXX.|
—│—————————│
You stepped on a mine and failed!
?[1;31m
Start test 114?[0m
How many mines do you want on the field? > 65
 │123456789│
—│—————————│
1|.........|
2|.........|
3|.........|
4|.........|
5|.........|
6|.........|
7|.........|
8|.........|
9|.........|
—│—————————│
Set/unset mines marks or claim a cell as free: > 6 1 free
 │123456789│
—│—————————│
1|XX...XXXX|
2|XXXXXXXXX|
3|.XXX..XXX|
4|XXXXX.X.X|
5|XXX.XXXX.|
6|.XXXX.XXX|
7|X...XXXXX|
8|XXXXXX.XX|
9|XXXXXXXXX|
—│—————————│
You stepped on a mine and failed!
]]></system-out>
  <system-err><![CDATA[]]></system-err>
</testsuite>
